無條件跳轉到 0x0150
無條件跳轉到 0x020C
執行 LD HL, 0xDFFF (PC=0x0210)
DEC B: 0 -> 255
DEC B: 255 -> 254
DEC B: 254 -> 253
DEC B: 253 -> 252
DEC B: 252 -> 251
DEC B: 251 -> 250
DEC B: 250 -> 249
DEC B: 249 -> 248
DEC B: 248 -> 247
DEC B: 247 -> 246
DEC B: 246 -> 245
DEC B: 245 -> 244
DEC B: 244 -> 243
DEC B: 243 -> 242
DEC B: 242 -> 241
DEC B: 241 -> 240
DEC B: 240 -> 239
DEC B: 239 -> 238
DEC B: 238 -> 237
DEC B: 237 -> 236
DEC B: 236 -> 235
DEC B: 235 -> 234
DEC B: 234 -> 233
DEC B: 233 -> 232
DEC B: 232 -> 231
DEC B: 231 -> 230
DEC B: 230 -> 229
DEC B: 229 -> 228
DEC B: 228 -> 227
DEC B: 227 -> 226
DEC B: 226 -> 225
JR check: JR NZ,n=true, offset=-4, target=0x0214, inst=100
DEC B: 225 -> 224
DEC B: 224 -> 223
DEC B: 223 -> 222
DEC B: 222 -> 221
DEC B: 221 -> 220
DEC B: 220 -> 219
DEC B: 219 -> 218
DEC B: 218 -> 217
DEC B: 217 -> 216
DEC B: 216 -> 215
DEC B: 215 -> 214
DEC B: 214 -> 213
DEC B: 213 -> 212
DEC B: 212 -> 211
DEC B: 211 -> 210
DEC B: 210 -> 209
DEC B: 209 -> 208
DEC B: 208 -> 207
DEC B: 207 -> 206
DEC B: 206 -> 205
DEC B: 205 -> 204
DEC B: 204 -> 203
DEC B: 203 -> 202
DEC B: 202 -> 201
DEC B: 201 -> 200
DEC B: 200 -> 199
DEC B: 199 -> 198
DEC B: 198 -> 197
DEC B: 197 -> 196
DEC B: 196 -> 195
DEC B: 195 -> 194
DEC B: 194 -> 193
DEC B: 193 -> 192
DEC B: 192 -> 191
DEC B: 191 -> 190
DEC B: 190 -> 189
DEC B: 189 -> 188
DEC B: 188 -> 187
DEC B: 187 -> 186
DEC B: 186 -> 185
DEC B: 185 -> 184
DEC B: 184 -> 183
DEC B: 183 -> 182
DEC B: 182 -> 181
DEC B: 181 -> 180
DEC B: 180 -> 179
DEC B: 179 -> 178
DEC B: 178 -> 177
DEC B: 177 -> 176
DEC B: 176 -> 175
DEC B: 175 -> 174
DEC B: 174 -> 173
DEC B: 173 -> 172
DEC B: 172 -> 171
DEC B: 171 -> 170
DEC B: 170 -> 169
DEC B: 169 -> 168
DEC B: 168 -> 167
DEC B: 167 -> 166
DEC B: 166 -> 165
DEC B: 165 -> 164
DEC B: 164 -> 163
DEC B: 163 -> 162
DEC B: 162 -> 161
DEC B: 161 -> 160
DEC B: 160 -> 159
DEC B: 159 -> 158
DEC B: 158 -> 157
DEC B: 157 -> 156
DEC B: 156 -> 155
DEC B: 155 -> 154
DEC B: 154 -> 153
DEC B: 153 -> 152
DEC B: 152 -> 151
DEC B: 151 -> 150
DEC B: 150 -> 149
DEC B: 149 -> 148
DEC B: 148 -> 147
DEC B: 147 -> 146
DEC B: 146 -> 145
DEC B: 145 -> 144
DEC B: 144 -> 143
DEC B: 143 -> 142
DEC B: 142 -> 141
DEC B: 141 -> 140
DEC B: 140 -> 139
DEC B: 139 -> 138
DEC B: 138 -> 137
DEC B: 137 -> 136
DEC B: 136 -> 135
DEC B: 135 -> 134
DEC B: 134 -> 133
DEC B: 133 -> 132
DEC B: 132 -> 131
DEC B: 131 -> 130
DEC B: 130 -> 129
DEC B: 129 -> 128
DEC B: 128 -> 127
DEC B: 127 -> 126
DEC B: 126 -> 125
JR check: JR NZ,n=true, offset=-4, target=0x0214, inst=400
DEC B: 125 -> 124
DEC B: 124 -> 123
DEC B: 123 -> 122
DEC B: 122 -> 121
DEC B: 121 -> 120
DEC B: 120 -> 119
DEC B: 119 -> 118
DEC B: 118 -> 117
DEC B: 117 -> 116
DEC B: 116 -> 115
DEC B: 115 -> 114
DEC B: 114 -> 113
DEC B: 113 -> 112
DEC B: 112 -> 111
DEC B: 111 -> 110
DEC B: 110 -> 109
DEC B: 109 -> 108
DEC B: 108 -> 107
DEC B: 107 -> 106
DEC B: 106 -> 105
DEC B: 105 -> 104
DEC B: 104 -> 103
DEC B: 103 -> 102
DEC B: 102 -> 101
DEC B: 101 -> 100
DEC B: 100 -> 99
DEC B: 99 -> 98
DEC B: 98 -> 97
DEC B: 97 -> 96
DEC B: 96 -> 95
DEC B: 95 -> 94
DEC B: 94 -> 93
DEC B: 93 -> 92
DEC B: 92 -> 91
DEC B: 91 -> 90
DEC B: 90 -> 89
DEC B: 89 -> 88
DEC B: 88 -> 87
DEC B: 87 -> 86
DEC B: 86 -> 85
DEC B: 85 -> 84
DEC B: 84 -> 83
DEC B: 83 -> 82
DEC B: 82 -> 81
DEC B: 81 -> 80
DEC B: 80 -> 79
DEC B: 79 -> 78
DEC B: 78 -> 77
DEC B: 77 -> 76
DEC B: 76 -> 75
DEC B: 75 -> 74
DEC B: 74 -> 73
DEC B: 73 -> 72
DEC B: 72 -> 71
DEC B: 71 -> 70
DEC B: 70 -> 69
DEC B: 69 -> 68
DEC B: 68 -> 67
DEC B: 67 -> 66
DEC B: 66 -> 65
DEC B: 65 -> 64
DEC B: 64 -> 63
DEC B: 63 -> 62
DEC B: 62 -> 61
DEC B: 61 -> 60
DEC B: 60 -> 59
DEC B: 59 -> 58
DEC B: 58 -> 57
DEC B: 57 -> 56
DEC B: 56 -> 55
DEC B: 55 -> 54
DEC B: 54 -> 53
DEC B: 53 -> 52
DEC B: 52 -> 51
DEC B: 51 -> 50
DEC B: 50 -> 49
DEC B: 49 -> 48
DEC B: 48 -> 47
DEC B: 47 -> 46
DEC B: 46 -> 45
DEC B: 45 -> 44
DEC B: 44 -> 43
DEC B: 43 -> 42
DEC B: 42 -> 41
DEC B: 41 -> 40
DEC B: 40 -> 39
DEC B: 39 -> 38
DEC B: 38 -> 37
DEC B: 37 -> 36
DEC B: 36 -> 35
DEC B: 35 -> 34
DEC B: 34 -> 33
DEC B: 33 -> 32
DEC B: 32 -> 31
DEC B: 31 -> 30
DEC B: 30 -> 29
DEC B: 29 -> 28
DEC B: 28 -> 27
DEC B: 27 -> 26
DEC B: 26 -> 25
JR check: JR NZ,n=true, offset=-4, target=0x0214, inst=700
DEC B: 25 -> 24
DEC B: 24 -> 23
DEC B: 23 -> 22
DEC B: 22 -> 21
DEC B: 21 -> 20
DEC B: 20 -> 19
DEC B: 19 -> 18
DEC B: 18 -> 17
DEC B: 17 -> 16
DEC B: 16 -> 15
DEC B: 15 -> 14
DEC B: 14 -> 13
DEC B: 13 -> 12
DEC B: 12 -> 11
DEC B: 11 -> 10
DEC B: 10 -> 9
DEC B: 9 -> 8
DEC B: 8 -> 7
DEC B: 7 -> 6
DEC B: 6 -> 5
DEC B: 5 -> 4
DEC B: 4 -> 3
DEC B: 3 -> 2
DEC B: 2 -> 1
DEC B: 1 -> 0
JR check: JR NZ,n=false, offset=-4, target=0x0214, inst=775
DEC C: 16 -> 15
DEC B: 0 -> 255
DEC B: 255 -> 254
DEC B: 254 -> 253
DEC B: 253 -> 252
DEC B: 252 -> 251
DEC B: 251 -> 250
DEC B: 250 -> 249
DEC B: 249 -> 248
DEC B: 248 -> 247
DEC B: 247 -> 246
DEC B: 246 -> 245
DEC B: 245 -> 244
DEC B: 244 -> 243
DEC B: 243 -> 242
DEC B: 242 -> 241
DEC B: 241 -> 240
DEC B: 240 -> 239
DEC B: 239 -> 238
DEC B: 238 -> 237
DEC B: 237 -> 236
DEC B: 236 -> 235
DEC B: 235 -> 234
DEC B: 234 -> 233
DEC B: 233 -> 232
DEC B: 232 -> 231
DEC B: 231 -> 230
DEC B: 230 -> 229
DEC B: 229 -> 228
DEC B: 228 -> 227
DEC B: 227 -> 226
DEC B: 226 -> 225
DEC B: 225 -> 224
DEC B: 224 -> 223
DEC B: 223 -> 222
DEC B: 222 -> 221
DEC B: 221 -> 220
DEC B: 220 -> 219
DEC B: 219 -> 218
DEC B: 218 -> 217
DEC B: 217 -> 216
DEC B: 216 -> 215
JR check: JR NZ,n=true, offset=-4, target=0x0214, inst=900
DEC B: 215 -> 214
DEC B: 214 -> 213
DEC B: 213 -> 212
DEC B: 212 -> 211
DEC B: 211 -> 210
DEC B: 210 -> 209
DEC B: 209 -> 208
DEC B: 208 -> 207
DEC B: 207 -> 206
DEC B: 206 -> 205
DEC B: 205 -> 204
DEC B: 204 -> 203
DEC B: 203 -> 202
DEC B: 202 -> 201
DEC B: 201 -> 200
DEC B: 200 -> 199
DEC B: 199 -> 198
DEC B: 198 -> 197
DEC B: 197 -> 196
DEC B: 196 -> 195
DEC B: 195 -> 194
DEC B: 194 -> 193
DEC B: 193 -> 192
DEC B: 192 -> 191
DEC B: 191 -> 190
DEC B: 190 -> 189
DEC B: 189 -> 188
DEC B: 188 -> 187
DEC B: 187 -> 186
DEC B: 186 -> 185
DEC B: 185 -> 184
DEC B: 184 -> 183
DEC B: 183 -> 182
DEC B: 182 -> 181
DEC B: 181 -> 180
DEC B: 180 -> 179
DEC B: 179 -> 178
DEC B: 178 -> 177
DEC B: 177 -> 176
DEC B: 176 -> 175
DEC B: 175 -> 174
DEC B: 174 -> 173
DEC B: 173 -> 172
DEC B: 172 -> 171
DEC B: 171 -> 170
DEC B: 170 -> 169
DEC B: 169 -> 168
DEC B: 168 -> 167
DEC B: 167 -> 166
DEC B: 166 -> 165
DEC B: 165 -> 164
DEC B: 164 -> 163
DEC B: 163 -> 162
DEC B: 162 -> 161
DEC B: 161 -> 160
DEC B: 160 -> 159
DEC B: 159 -> 158
DEC B: 158 -> 157
DEC B: 157 -> 156
DEC B: 156 -> 155
DEC B: 155 -> 154
DEC B: 154 -> 153
DEC B: 153 -> 152
DEC B: 152 -> 151
DEC B: 151 -> 150
DEC B: 150 -> 149
DEC B: 149 -> 148
DEC B: 148 -> 147
DEC B: 147 -> 146
DEC B: 146 -> 145
DEC B: 145 -> 144
DEC B: 144 -> 143
DEC B: 143 -> 142
DEC B: 142 -> 141
DEC B: 141 -> 140
DEC B: 140 -> 139
DEC B: 139 -> 138
DEC B: 138 -> 137
DEC B: 137 -> 136
DEC B: 136 -> 135
DEC B: 135 -> 134
DEC B: 134 -> 133
DEC B: 133 -> 132
DEC B: 132 -> 131
DEC B: 131 -> 130
DEC B: 130 -> 129
DEC B: 129 -> 128
DEC B: 128 -> 127
DEC B: 127 -> 126
DEC B: 126 -> 125
DEC B: 125 -> 124
DEC B: 124 -> 123
DEC B: 123 -> 122
DEC B: 122 -> 121
DEC B: 121 -> 120
DEC B: 120 -> 119
DEC B: 119 -> 118
DEC B: 118 -> 117
DEC B: 117 -> 116
DEC B: 116 -> 115
JR check: JR NZ,n=true, offset=-4, target=0x0214, inst=1200
DEC B: 115 -> 114
DEC B: 114 -> 113
DEC B: 113 -> 112
DEC B: 112 -> 111
DEC B: 111 -> 110
DEC B: 110 -> 109
DEC B: 109 -> 108
DEC B: 108 -> 107
DEC B: 107 -> 106
DEC B: 106 -> 105
DEC B: 105 -> 104
DEC B: 104 -> 103
DEC B: 103 -> 102
DEC B: 102 -> 101
DEC B: 101 -> 100
DEC B: 100 -> 99
DEC B: 99 -> 98
DEC B: 98 -> 97
DEC B: 97 -> 96
DEC B: 96 -> 95
DEC B: 95 -> 94
DEC B: 94 -> 93
DEC B: 93 -> 92
DEC B: 92 -> 91
DEC B: 91 -> 90
DEC B: 90 -> 89
DEC B: 89 -> 88
DEC B: 88 -> 87
DEC B: 87 -> 86
DEC B: 86 -> 85
DEC B: 85 -> 84
DEC B: 84 -> 83
DEC B: 83 -> 82
DEC B: 82 -> 81
DEC B: 81 -> 80
DEC B: 80 -> 79
DEC B: 79 -> 78
DEC B: 78 -> 77
DEC B: 77 -> 76
DEC B: 76 -> 75
DEC B: 75 -> 74
DEC B: 74 -> 73
DEC B: 73 -> 72
DEC B: 72 -> 71
DEC B: 71 -> 70
DEC B: 70 -> 69
DEC B: 69 -> 68
DEC B: 68 -> 67
DEC B: 67 -> 66
DEC B: 66 -> 65
DEC B: 65 -> 64
DEC B: 64 -> 63
DEC B: 63 -> 62
DEC B: 62 -> 61
DEC B: 61 -> 60
DEC B: 60 -> 59
DEC B: 59 -> 58
DEC B: 58 -> 57
DEC B: 57 -> 56
DEC B: 56 -> 55
DEC B: 55 -> 54
DEC B: 54 -> 53
DEC B: 53 -> 52
DEC B: 52 -> 51
DEC B: 51 -> 50
DEC B: 50 -> 49
DEC B: 49 -> 48
DEC B: 48 -> 47
DEC B: 47 -> 46
DEC B: 46 -> 45
DEC B: 45 -> 44
DEC B: 44 -> 43
DEC B: 43 -> 42
DEC B: 42 -> 41
DEC B: 41 -> 40
DEC B: 40 -> 39
DEC B: 39 -> 38
DEC B: 38 -> 37
DEC B: 37 -> 36
DEC B: 36 -> 35
DEC B: 35 -> 34
DEC B: 34 -> 33
DEC B: 33 -> 32
DEC B: 32 -> 31
DEC B: 31 -> 30
DEC B: 30 -> 29
DEC B: 29 -> 28
DEC B: 28 -> 27
DEC B: 27 -> 26
DEC B: 26 -> 25
DEC B: 25 -> 24
DEC B: 24 -> 23
DEC B: 23 -> 22
DEC B: 22 -> 21
DEC B: 21 -> 20
DEC B: 20 -> 19
DEC B: 19 -> 18
DEC B: 18 -> 17
DEC B: 17 -> 16
DEC B: 16 -> 15
JR check: JR NZ,n=true, offset=-4, target=0x0214, inst=1500
DEC B: 15 -> 14
DEC B: 14 -> 13
DEC B: 13 -> 12
DEC B: 12 -> 11
DEC B: 11 -> 10
DEC B: 10 -> 9
DEC B: 9 -> 8
DEC B: 8 -> 7
DEC B: 7 -> 6
DEC B: 6 -> 5
DEC B: 5 -> 4
DEC B: 4 -> 3
DEC B: 3 -> 2
DEC B: 2 -> 1
DEC B: 1 -> 0
JR check: JR NZ,n=false, offset=-4, target=0x0214, inst=1545
DEC C: 15 -> 14
DEC B: 0 -> 255
DEC B: 255 -> 254
DEC B: 254 -> 253
DEC B: 253 -> 252
DEC B: 252 -> 251
DEC B: 251 -> 250
DEC B: 250 -> 249
DEC B: 249 -> 248
DEC B: 248 -> 247
DEC B: 247 -> 246
DEC B: 246 -> 245
DEC B: 245 -> 244
DEC B: 244 -> 243
DEC B: 243 -> 242
DEC B: 242 -> 241
DEC B: 241 -> 240
DEC B: 240 -> 239
DEC B: 239 -> 238
DEC B: 238 -> 237
DEC B: 237 -> 236
DEC B: 236 -> 235
DEC B: 235 -> 234
DEC B: 234 -> 233
DEC B: 233 -> 232
DEC B: 232 -> 231
DEC B: 231 -> 230
DEC B: 230 -> 229
DEC B: 229 -> 228
DEC B: 228 -> 227
DEC B: 227 -> 226
DEC B: 226 -> 225
DEC B: 225 -> 224
DEC B: 224 -> 223
DEC B: 223 -> 222
DEC B: 222 -> 221
DEC B: 221 -> 220
DEC B: 220 -> 219
DEC B: 219 -> 218
DEC B: 218 -> 217
DEC B: 217 -> 216
DEC B: 216 -> 215
DEC B: 215 -> 214
DEC B: 214 -> 213
DEC B: 213 -> 212
DEC B: 212 -> 211
DEC B: 211 -> 210
DEC B: 210 -> 209
DEC B: 209 -> 208
DEC B: 208 -> 207
DEC B: 207 -> 206
DEC B: 206 -> 205
JR check: JR NZ,n=true, offset=-4, target=0x0214, inst=1700
DEC B: 205 -> 204
DEC B: 204 -> 203
DEC B: 203 -> 202
DEC B: 202 -> 201
DEC B: 201 -> 200
DEC B: 200 -> 199
DEC B: 199 -> 198
DEC B: 198 -> 197
DEC B: 197 -> 196
DEC B: 196 -> 195
DEC B: 195 -> 194
DEC B: 194 -> 193
DEC B: 193 -> 192
DEC B: 192 -> 191
DEC B: 191 -> 190
DEC B: 190 -> 189
DEC B: 189 -> 188
DEC B: 188 -> 187
DEC B: 187 -> 186
DEC B: 186 -> 185
DEC B: 185 -> 184
DEC B: 184 -> 183
DEC B: 183 -> 182
DEC B: 182 -> 181
DEC B: 181 -> 180
DEC B: 180 -> 179
DEC B: 179 -> 178
DEC B: 178 -> 177
DEC B: 177 -> 176
DEC B: 176 -> 175
DEC B: 175 -> 174
DEC B: 174 -> 173
DEC B: 173 -> 172
DEC B: 172 -> 171
DEC B: 171 -> 170
DEC B: 170 -> 169
DEC B: 169 -> 168
DEC B: 168 -> 167
DEC B: 167 -> 166
DEC B: 166 -> 165
DEC B: 165 -> 164
DEC B: 164 -> 163
DEC B: 163 -> 162
DEC B: 162 -> 161
DEC B: 161 -> 160
DEC B: 160 -> 159
DEC B: 159 -> 158
DEC B: 158 -> 157
DEC B: 157 -> 156
DEC B: 156 -> 155
DEC B: 155 -> 154
DEC B: 154 -> 153
DEC B: 153 -> 152
DEC B: 152 -> 151
DEC B: 151 -> 150
DEC B: 150 -> 149
DEC B: 149 -> 148
DEC B: 148 -> 147
DEC B: 147 -> 146
DEC B: 146 -> 145
DEC B: 145 -> 144
DEC B: 144 -> 143
DEC B: 143 -> 142
DEC B: 142 -> 141
DEC B: 141 -> 140
DEC B: 140 -> 139
DEC B: 139 -> 138
DEC B: 138 -> 137
DEC B: 137 -> 136
DEC B: 136 -> 135
DEC B: 135 -> 134
DEC B: 134 -> 133
DEC B: 133 -> 132
DEC B: 132 -> 131
DEC B: 131 -> 130
DEC B: 130 -> 129
DEC B: 129 -> 128
DEC B: 128 -> 127
DEC B: 127 -> 126
DEC B: 126 -> 125
DEC B: 125 -> 124
DEC B: 124 -> 123
DEC B: 123 -> 122
DEC B: 122 -> 121
DEC B: 121 -> 120
DEC B: 120 -> 119
DEC B: 119 -> 118
DEC B: 118 -> 117
DEC B: 117 -> 116
DEC B: 116 -> 115
DEC B: 115 -> 114
DEC B: 114 -> 113
DEC B: 113 -> 112
DEC B: 112 -> 111
DEC B: 111 -> 110
DEC B: 110 -> 109
DEC B: 109 -> 108
DEC B: 108 -> 107
DEC B: 107 -> 106
DEC B: 106 -> 105
JR check: JR NZ,n=true, offset=-4, target=0x0214, inst=2000
DEC B: 105 -> 104
DEC B: 104 -> 103
DEC B: 103 -> 102
DEC B: 102 -> 101
DEC B: 101 -> 100
DEC B: 100 -> 99
DEC B: 99 -> 98
DEC B: 98 -> 97
DEC B: 97 -> 96
DEC B: 96 -> 95
DEC B: 95 -> 94
DEC B: 94 -> 93
DEC B: 93 -> 92
DEC B: 92 -> 91
DEC B: 91 -> 90
DEC B: 90 -> 89
DEC B: 89 -> 88
DEC B: 88 -> 87
DEC B: 87 -> 86
DEC B: 86 -> 85
DEC B: 85 -> 84
DEC B: 84 -> 83
DEC B: 83 -> 82
DEC B: 82 -> 81
DEC B: 81 -> 80
DEC B: 80 -> 79
DEC B: 79 -> 78
DEC B: 78 -> 77
DEC B: 77 -> 76
DEC B: 76 -> 75
DEC B: 75 -> 74
DEC B: 74 -> 73
DEC B: 73 -> 72
DEC B: 72 -> 71
DEC B: 71 -> 70
DEC B: 70 -> 69
DEC B: 69 -> 68
DEC B: 68 -> 67
DEC B: 67 -> 66
DEC B: 66 -> 65
DEC B: 65 -> 64
DEC B: 64 -> 63
DEC B: 63 -> 62
DEC B: 62 -> 61
DEC B: 61 -> 60
DEC B: 60 -> 59
DEC B: 59 -> 58
DEC B: 58 -> 57
DEC B: 57 -> 56
DEC B: 56 -> 55
DEC B: 55 -> 54
DEC B: 54 -> 53
DEC B: 53 -> 52
DEC B: 52 -> 51
DEC B: 51 -> 50
DEC B: 50 -> 49
DEC B: 49 -> 48
DEC B: 48 -> 47
DEC B: 47 -> 46
DEC B: 46 -> 45
DEC B: 45 -> 44
DEC B: 44 -> 43
DEC B: 43 -> 42
DEC B: 42 -> 41
DEC B: 41 -> 40
DEC B: 40 -> 39
DEC B: 39 -> 38
DEC B: 38 -> 37
DEC B: 37 -> 36
DEC B: 36 -> 35
DEC B: 35 -> 34
DEC B: 34 -> 33
DEC B: 33 -> 32
DEC B: 32 -> 31
DEC B: 31 -> 30
DEC B: 30 -> 29
DEC B: 29 -> 28
DEC B: 28 -> 27
DEC B: 27 -> 26
DEC B: 26 -> 25
DEC B: 25 -> 24
DEC B: 24 -> 23
DEC B: 23 -> 22
DEC B: 22 -> 21
DEC B: 21 -> 20
DEC B: 20 -> 19
DEC B: 19 -> 18
DEC B: 18 -> 17
DEC B: 17 -> 16
DEC B: 16 -> 15
DEC B: 15 -> 14
DEC B: 14 -> 13
DEC B: 13 -> 12
DEC B: 12 -> 11
DEC B: 11 -> 10
DEC B: 10 -> 9
DEC B: 9 -> 8
DEC B: 8 -> 7
DEC B: 7 -> 6
DEC B: 6 -> 5
JR check: JR NZ,n=true, offset=-4, target=0x0214, inst=2300
DEC B: 5 -> 4
DEC B: 4 -> 3
DEC B: 3 -> 2
DEC B: 2 -> 1
DEC B: 1 -> 0
JR check: JR NZ,n=false, offset=-4, target=0x0214, inst=2315
DEC C: 14 -> 13
DEC B: 0 -> 255
DEC B: 255 -> 254
DEC B: 254 -> 253
DEC B: 253 -> 252
DEC B: 252 -> 251
DEC B: 251 -> 250
DEC B: 250 -> 249
DEC B: 249 -> 248
DEC B: 248 -> 247
DEC B: 247 -> 246
DEC B: 246 -> 245
DEC B: 245 -> 244
DEC B: 244 -> 243
DEC B: 243 -> 242
DEC B: 242 -> 241
DEC B: 241 -> 240
DEC B: 240 -> 239
DEC B: 239 -> 238
DEC B: 238 -> 237
DEC B: 237 -> 236
DEC B: 236 -> 235
DEC B: 235 -> 234
DEC B: 234 -> 233
DEC B: 233 -> 232
DEC B: 232 -> 231
DEC B: 231 -> 230
DEC B: 230 -> 229
DEC B: 229 -> 228
DEC B: 228 -> 227
DEC B: 227 -> 226
DEC B: 226 -> 225
DEC B: 225 -> 224
DEC B: 224 -> 223
DEC B: 223 -> 222
DEC B: 222 -> 221
DEC B: 221 -> 220
DEC B: 220 -> 219
DEC B: 219 -> 218
DEC B: 218 -> 217
DEC B: 217 -> 216
DEC B: 216 -> 215
DEC B: 215 -> 214
DEC B: 214 -> 213
DEC B: 213 -> 212
DEC B: 212 -> 211
DEC B: 211 -> 210
DEC B: 210 -> 209
DEC B: 209 -> 208
DEC B: 208 -> 207
DEC B: 207 -> 206
DEC B: 206 -> 205
DEC B: 205 -> 204
DEC B: 204 -> 203
DEC B: 203 -> 202
DEC B: 202 -> 201
DEC B: 201 -> 200
DEC B: 200 -> 199
DEC B: 199 -> 198
DEC B: 198 -> 197
DEC B: 197 -> 196
DEC B: 196 -> 195
JR check: JR NZ,n=true, offset=-4, target=0x0214, inst=2500
DEC B: 195 -> 194
DEC B: 194 -> 193
DEC B: 193 -> 192
DEC B: 192 -> 191
DEC B: 191 -> 190
DEC B: 190 -> 189
DEC B: 189 -> 188
DEC B: 188 -> 187
DEC B: 187 -> 186
DEC B: 186 -> 185
DEC B: 185 -> 184
DEC B: 184 -> 183
DEC B: 183 -> 182
DEC B: 182 -> 181
DEC B: 181 -> 180
DEC B: 180 -> 179
DEC B: 179 -> 178
DEC B: 178 -> 177
DEC B: 177 -> 176
DEC B: 176 -> 175
DEC B: 175 -> 174
DEC B: 174 -> 173
DEC B: 173 -> 172
DEC B: 172 -> 171
DEC B: 171 -> 170
DEC B: 170 -> 169
DEC B: 169 -> 168
DEC B: 168 -> 167
DEC B: 167 -> 166
DEC B: 166 -> 165
DEC B: 165 -> 164
DEC B: 164 -> 163
DEC B: 163 -> 162
DEC B: 162 -> 161
DEC B: 161 -> 160
DEC B: 160 -> 159
DEC B: 159 -> 158
DEC B: 158 -> 157
DEC B: 157 -> 156
DEC B: 156 -> 155
DEC B: 155 -> 154
DEC B: 154 -> 153
DEC B: 153 -> 152
DEC B: 152 -> 151
DEC B: 151 -> 150
DEC B: 150 -> 149
DEC B: 149 -> 148
DEC B: 148 -> 147
DEC B: 147 -> 146
DEC B: 146 -> 145
DEC B: 145 -> 144
DEC B: 144 -> 143
DEC B: 143 -> 142
DEC B: 142 -> 141
DEC B: 141 -> 140
DEC B: 140 -> 139
DEC B: 139 -> 138
DEC B: 138 -> 137
DEC B: 137 -> 136
DEC B: 136 -> 135
DEC B: 135 -> 134
DEC B: 134 -> 133
DEC B: 133 -> 132
DEC B: 132 -> 131
DEC B: 131 -> 130
DEC B: 130 -> 129
DEC B: 129 -> 128
DEC B: 128 -> 127
DEC B: 127 -> 126
DEC B: 126 -> 125
DEC B: 125 -> 124
DEC B: 124 -> 123
DEC B: 123 -> 122
DEC B: 122 -> 121
DEC B: 121 -> 120
DEC B: 120 -> 119
DEC B: 119 -> 118
DEC B: 118 -> 117
DEC B: 117 -> 116
DEC B: 116 -> 115
DEC B: 115 -> 114
DEC B: 114 -> 113
DEC B: 113 -> 112
DEC B: 112 -> 111
DEC B: 111 -> 110
DEC B: 110 -> 109
DEC B: 109 -> 108
DEC B: 108 -> 107
DEC B: 107 -> 106
DEC B: 106 -> 105
DEC B: 105 -> 104
DEC B: 104 -> 103
DEC B: 103 -> 102
DEC B: 102 -> 101
DEC B: 101 -> 100
DEC B: 100 -> 99
DEC B: 99 -> 98
DEC B: 98 -> 97
DEC B: 97 -> 96
DEC B: 96 -> 95
JR check: JR NZ,n=true, offset=-4, target=0x0214, inst=2800
DEC B: 95 -> 94
DEC B: 94 -> 93
DEC B: 93 -> 92
DEC B: 92 -> 91
DEC B: 91 -> 90
DEC B: 90 -> 89
DEC B: 89 -> 88
DEC B: 88 -> 87
DEC B: 87 -> 86
DEC B: 86 -> 85
DEC B: 85 -> 84
DEC B: 84 -> 83
DEC B: 83 -> 82
DEC B: 82 -> 81
DEC B: 81 -> 80
DEC B: 80 -> 79
DEC B: 79 -> 78
DEC B: 78 -> 77
DEC B: 77 -> 76
DEC B: 76 -> 75
DEC B: 75 -> 74
DEC B: 74 -> 73
DEC B: 73 -> 72
DEC B: 72 -> 71
DEC B: 71 -> 70
DEC B: 70 -> 69
DEC B: 69 -> 68
DEC B: 68 -> 67
DEC B: 67 -> 66
DEC B: 66 -> 65
DEC B: 65 -> 64
DEC B: 64 -> 63
DEC B: 63 -> 62
DEC B: 62 -> 61
DEC B: 61 -> 60
DEC B: 60 -> 59
DEC B: 59 -> 58
DEC B: 58 -> 57
DEC B: 57 -> 56
DEC B: 56 -> 55
DEC B: 55 -> 54
DEC B: 54 -> 53
DEC B: 53 -> 52
DEC B: 52 -> 51
DEC B: 51 -> 50
DEC B: 50 -> 49
DEC B: 49 -> 48
DEC B: 48 -> 47
DEC B: 47 -> 46
DEC B: 46 -> 45
DEC B: 45 -> 44
DEC B: 44 -> 43
DEC B: 43 -> 42
DEC B: 42 -> 41
DEC B: 41 -> 40
DEC B: 40 -> 39
DEC B: 39 -> 38
DEC B: 38 -> 37
DEC B: 37 -> 36
DEC B: 36 -> 35
DEC B: 35 -> 34
DEC B: 34 -> 33
DEC B: 33 -> 32
DEC B: 32 -> 31
DEC B: 31 -> 30
DEC B: 30 -> 29
DEC B: 29 -> 28
DEC B: 28 -> 27
DEC B: 27 -> 26
DEC B: 26 -> 25
DEC B: 25 -> 24
DEC B: 24 -> 23
DEC B: 23 -> 22
DEC B: 22 -> 21
DEC B: 21 -> 20
DEC B: 20 -> 19
DEC B: 19 -> 18
DEC B: 18 -> 17
DEC B: 17 -> 16
DEC B: 16 -> 15
DEC B: 15 -> 14
DEC B: 14 -> 13
DEC B: 13 -> 12
DEC B: 12 -> 11
DEC B: 11 -> 10
DEC B: 10 -> 9
DEC B: 9 -> 8
DEC B: 8 -> 7
DEC B: 7 -> 6
DEC B: 6 -> 5
DEC B: 5 -> 4
DEC B: 4 -> 3
DEC B: 3 -> 2
DEC B: 2 -> 1
DEC B: 1 -> 0
JR check: JR NZ,n=false, offset=-4, target=0x0214, inst=3085
DEC C: 13 -> 12
DEC B: 0 -> 255
DEC B: 255 -> 254
DEC B: 254 -> 253
DEC B: 253 -> 252
DEC B: 252 -> 251
DEC B: 251 -> 250
DEC B: 250 -> 249
DEC B: 249 -> 248
DEC B: 248 -> 247
DEC B: 247 -> 246
DEC B: 246 -> 245
DEC B: 245 -> 244
DEC B: 244 -> 243
DEC B: 243 -> 242
DEC B: 242 -> 241
DEC B: 241 -> 240
DEC B: 240 -> 239
DEC B: 239 -> 238
DEC B: 238 -> 237
DEC B: 237 -> 236
DEC B: 236 -> 235
DEC B: 235 -> 234
DEC B: 234 -> 233
DEC B: 233 -> 232
DEC B: 232 -> 231
DEC B: 231 -> 230
DEC B: 230 -> 229
DEC B: 229 -> 228
DEC B: 228 -> 227
DEC B: 227 -> 226
DEC B: 226 -> 225
DEC B: 225 -> 224
DEC B: 224 -> 223
DEC B: 223 -> 222
DEC B: 222 -> 221
DEC B: 221 -> 220
DEC B: 220 -> 219
DEC B: 219 -> 218
DEC B: 218 -> 217
DEC B: 217 -> 216
DEC B: 216 -> 215
DEC B: 215 -> 214
DEC B: 214 -> 213
DEC B: 213 -> 212
DEC B: 212 -> 211
DEC B: 211 -> 210
DEC B: 210 -> 209
DEC B: 209 -> 208
DEC B: 208 -> 207
DEC B: 207 -> 206
DEC B: 206 -> 205
DEC B: 205 -> 204
DEC B: 204 -> 203
DEC B: 203 -> 202
DEC B: 202 -> 201
DEC B: 201 -> 200
DEC B: 200 -> 199
DEC B: 199 -> 198
DEC B: 198 -> 197
DEC B: 197 -> 196
DEC B: 196 -> 195
DEC B: 195 -> 194
DEC B: 194 -> 193
DEC B: 193 -> 192
DEC B: 192 -> 191
DEC B: 191 -> 190
DEC B: 190 -> 189
DEC B: 189 -> 188
DEC B: 188 -> 187
DEC B: 187 -> 186
DEC B: 186 -> 185
JR check: JR NZ,n=true, offset=-4, target=0x0214, inst=3300
DEC B: 185 -> 184
DEC B: 184 -> 183
DEC B: 183 -> 182
DEC B: 182 -> 181
DEC B: 181 -> 180
DEC B: 180 -> 179
DEC B: 179 -> 178
DEC B: 178 -> 177
DEC B: 177 -> 176
DEC B: 176 -> 175
DEC B: 175 -> 174
DEC B: 174 -> 173
DEC B: 173 -> 172
DEC B: 172 -> 171
DEC B: 171 -> 170
DEC B: 170 -> 169
DEC B: 169 -> 168
DEC B: 168 -> 167
DEC B: 167 -> 166
DEC B: 166 -> 165
DEC B: 165 -> 164
DEC B: 164 -> 163
DEC B: 163 -> 162
DEC B: 162 -> 161
DEC B: 161 -> 160
DEC B: 160 -> 159
DEC B: 159 -> 158
DEC B: 158 -> 157
DEC B: 157 -> 156
DEC B: 156 -> 155
DEC B: 155 -> 154
DEC B: 154 -> 153
DEC B: 153 -> 152
DEC B: 152 -> 151
DEC B: 151 -> 150
DEC B: 150 -> 149
DEC B: 149 -> 148
DEC B: 148 -> 147
DEC B: 147 -> 146
DEC B: 146 -> 145
DEC B: 145 -> 144
DEC B: 144 -> 143
DEC B: 143 -> 142
DEC B: 142 -> 141
DEC B: 141 -> 140
DEC B: 140 -> 139
DEC B: 139 -> 138
DEC B: 138 -> 137
DEC B: 137 -> 136
DEC B: 136 -> 135
DEC B: 135 -> 134
DEC B: 134 -> 133
DEC B: 133 -> 132
DEC B: 132 -> 131
DEC B: 131 -> 130
DEC B: 130 -> 129
DEC B: 129 -> 128
DEC B: 128 -> 127
DEC B: 127 -> 126
DEC B: 126 -> 125
DEC B: 125 -> 124
DEC B: 124 -> 123
DEC B: 123 -> 122
DEC B: 122 -> 121
DEC B: 121 -> 120
DEC B: 120 -> 119
DEC B: 119 -> 118
DEC B: 118 -> 117
DEC B: 117 -> 116
DEC B: 116 -> 115
DEC B: 115 -> 114
DEC B: 114 -> 113
DEC B: 113 -> 112
DEC B: 112 -> 111
DEC B: 111 -> 110
DEC B: 110 -> 109
DEC B: 109 -> 108
DEC B: 108 -> 107
DEC B: 107 -> 106
DEC B: 106 -> 105
DEC B: 105 -> 104
DEC B: 104 -> 103
DEC B: 103 -> 102
DEC B: 102 -> 101
DEC B: 101 -> 100
DEC B: 100 -> 99
DEC B: 99 -> 98
DEC B: 98 -> 97
DEC B: 97 -> 96
DEC B: 96 -> 95
DEC B: 95 -> 94
DEC B: 94 -> 93
DEC B: 93 -> 92
DEC B: 92 -> 91
DEC B: 91 -> 90
DEC B: 90 -> 89
DEC B: 89 -> 88
DEC B: 88 -> 87
DEC B: 87 -> 86
DEC B: 86 -> 85
JR check: JR NZ,n=true, offset=-4, target=0x0214, inst=3600
DEC B: 85 -> 84
DEC B: 84 -> 83
DEC B: 83 -> 82
DEC B: 82 -> 81
DEC B: 81 -> 80
DEC B: 80 -> 79
DEC B: 79 -> 78
DEC B: 78 -> 77
DEC B: 77 -> 76
DEC B: 76 -> 75
DEC B: 75 -> 74
DEC B: 74 -> 73
DEC B: 73 -> 72
DEC B: 72 -> 71
DEC B: 71 -> 70
DEC B: 70 -> 69
DEC B: 69 -> 68
DEC B: 68 -> 67
DEC B: 67 -> 66
DEC B: 66 -> 65
DEC B: 65 -> 64
DEC B: 64 -> 63
DEC B: 63 -> 62
DEC B: 62 -> 61
DEC B: 61 -> 60
DEC B: 60 -> 59
DEC B: 59 -> 58
DEC B: 58 -> 57
DEC B: 57 -> 56
DEC B: 56 -> 55
DEC B: 55 -> 54
DEC B: 54 -> 53
DEC B: 53 -> 52
DEC B: 52 -> 51
DEC B: 51 -> 50
DEC B: 50 -> 49
DEC B: 49 -> 48
DEC B: 48 -> 47
DEC B: 47 -> 46
DEC B: 46 -> 45
DEC B: 45 -> 44
DEC B: 44 -> 43
DEC B: 43 -> 42
DEC B: 42 -> 41
DEC B: 41 -> 40
DEC B: 40 -> 39
DEC B: 39 -> 38
DEC B: 38 -> 37
DEC B: 37 -> 36
DEC B: 36 -> 35
DEC B: 35 -> 34
DEC B: 34 -> 33
DEC B: 33 -> 32
DEC B: 32 -> 31
DEC B: 31 -> 30
DEC B: 30 -> 29
DEC B: 29 -> 28
DEC B: 28 -> 27
DEC B: 27 -> 26
DEC B: 26 -> 25
DEC B: 25 -> 24
DEC B: 24 -> 23
DEC B: 23 -> 22
DEC B: 22 -> 21
DEC B: 21 -> 20
DEC B: 20 -> 19
DEC B: 19 -> 18
DEC B: 18 -> 17
DEC B: 17 -> 16
DEC B: 16 -> 15
DEC B: 15 -> 14
DEC B: 14 -> 13
DEC B: 13 -> 12
DEC B: 12 -> 11
DEC B: 11 -> 10
DEC B: 10 -> 9
DEC B: 9 -> 8
DEC B: 8 -> 7
DEC B: 7 -> 6
DEC B: 6 -> 5
DEC B: 5 -> 4
DEC B: 4 -> 3
DEC B: 3 -> 2
DEC B: 2 -> 1
DEC B: 1 -> 0
JR check: JR NZ,n=false, offset=-4, target=0x0214, inst=3855
DEC C: 12 -> 11
DEC B: 0 -> 255
DEC B: 255 -> 254
DEC B: 254 -> 253
DEC B: 253 -> 252
DEC B: 252 -> 251
DEC B: 251 -> 250
DEC B: 250 -> 249
DEC B: 249 -> 248
DEC B: 248 -> 247
DEC B: 247 -> 246
DEC B: 246 -> 245
DEC B: 245 -> 244
DEC B: 244 -> 243
DEC B: 243 -> 242
DEC B: 242 -> 241
DEC B: 241 -> 240
DEC B: 240 -> 239
DEC B: 239 -> 238
DEC B: 238 -> 237
DEC B: 237 -> 236
DEC B: 236 -> 235
DEC B: 235 -> 234
DEC B: 234 -> 233
DEC B: 233 -> 232
DEC B: 232 -> 231
DEC B: 231 -> 230
DEC B: 230 -> 229
DEC B: 229 -> 228
DEC B: 228 -> 227
DEC B: 227 -> 226
DEC B: 226 -> 225
DEC B: 225 -> 224
DEC B: 224 -> 223
DEC B: 223 -> 222
DEC B: 222 -> 221
DEC B: 221 -> 220
DEC B: 220 -> 219
DEC B: 219 -> 218
DEC B: 218 -> 217
DEC B: 217 -> 216
DEC B: 216 -> 215
DEC B: 215 -> 214
DEC B: 214 -> 213
DEC B: 213 -> 212
DEC B: 212 -> 211
DEC B: 211 -> 210
DEC B: 210 -> 209
DEC B: 209 -> 208
DEC B: 208 -> 207
DEC B: 207 -> 206
DEC B: 206 -> 205
DEC B: 205 -> 204
DEC B: 204 -> 203
DEC B: 203 -> 202
DEC B: 202 -> 201
DEC B: 201 -> 200
DEC B: 200 -> 199
DEC B: 199 -> 198
DEC B: 198 -> 197
DEC B: 197 -> 196
DEC B: 196 -> 195
DEC B: 195 -> 194
DEC B: 194 -> 193
DEC B: 193 -> 192
DEC B: 192 -> 191
DEC B: 191 -> 190
DEC B: 190 -> 189
DEC B: 189 -> 188
DEC B: 188 -> 187
DEC B: 187 -> 186
DEC B: 186 -> 185
DEC B: 185 -> 184
DEC B: 184 -> 183
DEC B: 183 -> 182
DEC B: 182 -> 181
DEC B: 181 -> 180
DEC B: 180 -> 179
DEC B: 179 -> 178
DEC B: 178 -> 177
DEC B: 177 -> 176
DEC B: 176 -> 175
JR check: JR NZ,n=true, offset=-4, target=0x0214, inst=4100
DEC B: 175 -> 174
DEC B: 174 -> 173
DEC B: 173 -> 172
DEC B: 172 -> 171
DEC B: 171 -> 170
DEC B: 170 -> 169
DEC B: 169 -> 168
DEC B: 168 -> 167
DEC B: 167 -> 166
DEC B: 166 -> 165
DEC B: 165 -> 164
DEC B: 164 -> 163
DEC B: 163 -> 162
DEC B: 162 -> 161
DEC B: 161 -> 160
DEC B: 160 -> 159
DEC B: 159 -> 158
DEC B: 158 -> 157
DEC B: 157 -> 156
DEC B: 156 -> 155
DEC B: 155 -> 154
DEC B: 154 -> 153
DEC B: 153 -> 152
DEC B: 152 -> 151
DEC B: 151 -> 150
DEC B: 150 -> 149
DEC B: 149 -> 148
DEC B: 148 -> 147
DEC B: 147 -> 146
DEC B: 146 -> 145
DEC B: 145 -> 144
DEC B: 144 -> 143
DEC B: 143 -> 142
DEC B: 142 -> 141
DEC B: 141 -> 140
DEC B: 140 -> 139
DEC B: 139 -> 138
DEC B: 138 -> 137
DEC B: 137 -> 136
DEC B: 136 -> 135
DEC B: 135 -> 134
DEC B: 134 -> 133
DEC B: 133 -> 132
DEC B: 132 -> 131
DEC B: 131 -> 130
DEC B: 130 -> 129
DEC B: 129 -> 128
DEC B: 128 -> 127
DEC B: 127 -> 126
DEC B: 126 -> 125
DEC B: 125 -> 124
DEC B: 124 -> 123
DEC B: 123 -> 122
DEC B: 122 -> 121
DEC B: 121 -> 120
DEC B: 120 -> 119
DEC B: 119 -> 118
DEC B: 118 -> 117
DEC B: 117 -> 116
DEC B: 116 -> 115
DEC B: 115 -> 114
DEC B: 114 -> 113
DEC B: 113 -> 112
DEC B: 112 -> 111
DEC B: 111 -> 110
DEC B: 110 -> 109
DEC B: 109 -> 108
DEC B: 108 -> 107
DEC B: 107 -> 106
DEC B: 106 -> 105
DEC B: 105 -> 104
DEC B: 104 -> 103
DEC B: 103 -> 102
DEC B: 102 -> 101
DEC B: 101 -> 100
DEC B: 100 -> 99
DEC B: 99 -> 98
DEC B: 98 -> 97
DEC B: 97 -> 96
DEC B: 96 -> 95
DEC B: 95 -> 94
DEC B: 94 -> 93
DEC B: 93 -> 92
DEC B: 92 -> 91
DEC B: 91 -> 90
DEC B: 90 -> 89
DEC B: 89 -> 88
DEC B: 88 -> 87
DEC B: 87 -> 86
DEC B: 86 -> 85
DEC B: 85 -> 84
DEC B: 84 -> 83
DEC B: 83 -> 82
DEC B: 82 -> 81
DEC B: 81 -> 80
DEC B: 80 -> 79
DEC B: 79 -> 78
DEC B: 78 -> 77
DEC B: 77 -> 76
DEC B: 76 -> 75
JR check: JR NZ,n=true, offset=-4, target=0x0214, inst=4400
DEC B: 75 -> 74
DEC B: 74 -> 73
DEC B: 73 -> 72
DEC B: 72 -> 71
DEC B: 71 -> 70
DEC B: 70 -> 69
DEC B: 69 -> 68
DEC B: 68 -> 67
DEC B: 67 -> 66
DEC B: 66 -> 65
DEC B: 65 -> 64
DEC B: 64 -> 63
DEC B: 63 -> 62
DEC B: 62 -> 61
DEC B: 61 -> 60
DEC B: 60 -> 59
DEC B: 59 -> 58
DEC B: 58 -> 57
DEC B: 57 -> 56
DEC B: 56 -> 55
DEC B: 55 -> 54
DEC B: 54 -> 53
DEC B: 53 -> 52
DEC B: 52 -> 51
DEC B: 51 -> 50
DEC B: 50 -> 49
DEC B: 49 -> 48
DEC B: 48 -> 47
DEC B: 47 -> 46
DEC B: 46 -> 45
DEC B: 45 -> 44
DEC B: 44 -> 43
DEC B: 43 -> 42
DEC B: 42 -> 41
DEC B: 41 -> 40
DEC B: 40 -> 39
DEC B: 39 -> 38
DEC B: 38 -> 37
DEC B: 37 -> 36
DEC B: 36 -> 35
DEC B: 35 -> 34
DEC B: 34 -> 33
DEC B: 33 -> 32
DEC B: 32 -> 31
DEC B: 31 -> 30
DEC B: 30 -> 29
DEC B: 29 -> 28
DEC B: 28 -> 27
DEC B: 27 -> 26
DEC B: 26 -> 25
DEC B: 25 -> 24
DEC B: 24 -> 23
DEC B: 23 -> 22
DEC B: 22 -> 21
DEC B: 21 -> 20
DEC B: 20 -> 19
DEC B: 19 -> 18
DEC B: 18 -> 17
DEC B: 17 -> 16
DEC B: 16 -> 15
DEC B: 15 -> 14
DEC B: 14 -> 13
DEC B: 13 -> 12
DEC B: 12 -> 11
DEC B: 11 -> 10
DEC B: 10 -> 9
DEC B: 9 -> 8
DEC B: 8 -> 7
DEC B: 7 -> 6
DEC B: 6 -> 5
DEC B: 5 -> 4
DEC B: 4 -> 3
DEC B: 3 -> 2
DEC B: 2 -> 1
DEC B: 1 -> 0
JR check: JR NZ,n=false, offset=-4, target=0x0214, inst=4625
DEC C: 11 -> 10
DEC B: 0 -> 255
DEC B: 255 -> 254
DEC B: 254 -> 253
DEC B: 253 -> 252
DEC B: 252 -> 251
DEC B: 251 -> 250
DEC B: 250 -> 249
DEC B: 249 -> 248
DEC B: 248 -> 247
DEC B: 247 -> 246
DEC B: 246 -> 245
DEC B: 245 -> 244
DEC B: 244 -> 243
DEC B: 243 -> 242
DEC B: 242 -> 241
DEC B: 241 -> 240
DEC B: 240 -> 239
DEC B: 239 -> 238
DEC B: 238 -> 237
DEC B: 237 -> 236
DEC B: 236 -> 235
DEC B: 235 -> 234
DEC B: 234 -> 233
DEC B: 233 -> 232
DEC B: 232 -> 231
DEC B: 231 -> 230
DEC B: 230 -> 229
DEC B: 229 -> 228
DEC B: 228 -> 227
DEC B: 227 -> 226
DEC B: 226 -> 225
DEC B: 225 -> 224
DEC B: 224 -> 223
DEC B: 223 -> 222
DEC B: 222 -> 221
DEC B: 221 -> 220
DEC B: 220 -> 219
DEC B: 219 -> 218
DEC B: 218 -> 217
DEC B: 217 -> 216
DEC B: 216 -> 215
DEC B: 215 -> 214
DEC B: 214 -> 213
DEC B: 213 -> 212
DEC B: 212 -> 211
DEC B: 211 -> 210
DEC B: 210 -> 209
DEC B: 209 -> 208
DEC B: 208 -> 207
DEC B: 207 -> 206
DEC B: 206 -> 205
DEC B: 205 -> 204
DEC B: 204 -> 203
DEC B: 203 -> 202
DEC B: 202 -> 201
DEC B: 201 -> 200
DEC B: 200 -> 199
DEC B: 199 -> 198
DEC B: 198 -> 197
DEC B: 197 -> 196
DEC B: 196 -> 195
DEC B: 195 -> 194
DEC B: 194 -> 193
DEC B: 193 -> 192
DEC B: 192 -> 191
DEC B: 191 -> 190
DEC B: 190 -> 189
DEC B: 189 -> 188
DEC B: 188 -> 187
DEC B: 187 -> 186
DEC B: 186 -> 185
DEC B: 185 -> 184
DEC B: 184 -> 183
DEC B: 183 -> 182
DEC B: 182 -> 181
DEC B: 181 -> 180
DEC B: 180 -> 179
DEC B: 179 -> 178
DEC B: 178 -> 177
DEC B: 177 -> 176
DEC B: 176 -> 175
DEC B: 175 -> 174
DEC B: 174 -> 173
DEC B: 173 -> 172
DEC B: 172 -> 171
DEC B: 171 -> 170
DEC B: 170 -> 169
DEC B: 169 -> 168
DEC B: 168 -> 167
DEC B: 167 -> 166
DEC B: 166 -> 165
JR check: JR NZ,n=true, offset=-4, target=0x0214, inst=4900
DEC B: 165 -> 164
DEC B: 164 -> 163
DEC B: 163 -> 162
DEC B: 162 -> 161
DEC B: 161 -> 160
DEC B: 160 -> 159
DEC B: 159 -> 158
DEC B: 158 -> 157
DEC B: 157 -> 156
DEC B: 156 -> 155
DEC B: 155 -> 154
DEC B: 154 -> 153
DEC B: 153 -> 152
DEC B: 152 -> 151
DEC B: 151 -> 150
DEC B: 150 -> 149
DEC B: 149 -> 148
DEC B: 148 -> 147
DEC B: 147 -> 146
DEC B: 146 -> 145
DEC B: 145 -> 144
DEC B: 144 -> 143
DEC B: 143 -> 142
DEC B: 142 -> 141
DEC B: 141 -> 140
DEC B: 140 -> 139
DEC B: 139 -> 138
DEC B: 138 -> 137
DEC B: 137 -> 136
DEC B: 136 -> 135
DEC B: 135 -> 134
DEC B: 134 -> 133
DEC B: 133 -> 132
DEC B: 132 -> 131
DEC B: 131 -> 130
DEC B: 130 -> 129
DEC B: 129 -> 128
DEC B: 128 -> 127
DEC B: 127 -> 126
DEC B: 126 -> 125
DEC B: 125 -> 124
DEC B: 124 -> 123
DEC B: 123 -> 122
DEC B: 122 -> 121
DEC B: 121 -> 120
DEC B: 120 -> 119
DEC B: 119 -> 118
DEC B: 118 -> 117
DEC B: 117 -> 116
DEC B: 116 -> 115
DEC B: 115 -> 114
DEC B: 114 -> 113
DEC B: 113 -> 112
DEC B: 112 -> 111
DEC B: 111 -> 110
DEC B: 110 -> 109
DEC B: 109 -> 108
DEC B: 108 -> 107
DEC B: 107 -> 106
DEC B: 106 -> 105
DEC B: 105 -> 104
DEC B: 104 -> 103
DEC B: 103 -> 102
DEC B: 102 -> 101
DEC B: 101 -> 100
DEC B: 100 -> 99
DEC B: 99 -> 98
DEC B: 98 -> 97
DEC B: 97 -> 96
DEC B: 96 -> 95
DEC B: 95 -> 94
DEC B: 94 -> 93
DEC B: 93 -> 92
DEC B: 92 -> 91
DEC B: 91 -> 90
DEC B: 90 -> 89
DEC B: 89 -> 88
DEC B: 88 -> 87
DEC B: 87 -> 86
DEC B: 86 -> 85
DEC B: 85 -> 84
DEC B: 84 -> 83
DEC B: 83 -> 82
DEC B: 82 -> 81
DEC B: 81 -> 80
DEC B: 80 -> 79
DEC B: 79 -> 78
DEC B: 78 -> 77
DEC B: 77 -> 76
DEC B: 76 -> 75
DEC B: 75 -> 74
DEC B: 74 -> 73
DEC B: 73 -> 72
DEC B: 72 -> 71
DEC B: 71 -> 70
DEC B: 70 -> 69
DEC B: 69 -> 68
DEC B: 68 -> 67
DEC B: 67 -> 66
DEC B: 66 -> 65
JR check: JR NZ,n=true, offset=-4, target=0x0214, inst=5200
DEC B: 65 -> 64
DEC B: 64 -> 63
DEC B: 63 -> 62
DEC B: 62 -> 61
DEC B: 61 -> 60
DEC B: 60 -> 59
DEC B: 59 -> 58
DEC B: 58 -> 57
DEC B: 57 -> 56
DEC B: 56 -> 55
DEC B: 55 -> 54
DEC B: 54 -> 53
DEC B: 53 -> 52
DEC B: 52 -> 51
DEC B: 51 -> 50
DEC B: 50 -> 49
DEC B: 49 -> 48
DEC B: 48 -> 47
DEC B: 47 -> 46
DEC B: 46 -> 45
DEC B: 45 -> 44
DEC B: 44 -> 43
DEC B: 43 -> 42
DEC B: 42 -> 41
DEC B: 41 -> 40
DEC B: 40 -> 39
DEC B: 39 -> 38
DEC B: 38 -> 37
DEC B: 37 -> 36
DEC B: 36 -> 35
DEC B: 35 -> 34
DEC B: 34 -> 33
DEC B: 33 -> 32
DEC B: 32 -> 31
DEC B: 31 -> 30
DEC B: 30 -> 29
DEC B: 29 -> 28
DEC B: 28 -> 27
DEC B: 27 -> 26
DEC B: 26 -> 25
DEC B: 25 -> 24
DEC B: 24 -> 23
DEC B: 23 -> 22
DEC B: 22 -> 21
DEC B: 21 -> 20
DEC B: 20 -> 19
DEC B: 19 -> 18
DEC B: 18 -> 17
DEC B: 17 -> 16
DEC B: 16 -> 15
DEC B: 15 -> 14
DEC B: 14 -> 13
DEC B: 13 -> 12
DEC B: 12 -> 11
DEC B: 11 -> 10
DEC B: 10 -> 9
DEC B: 9 -> 8
DEC B: 8 -> 7
DEC B: 7 -> 6
DEC B: 6 -> 5
DEC B: 5 -> 4
DEC B: 4 -> 3
DEC B: 3 -> 2
DEC B: 2 -> 1
DEC B: 1 -> 0
JR check: JR NZ,n=false, offset=-4, target=0x0214, inst=5395
DEC C: 10 -> 9
DEC B: 0 -> 255
JR check: JR NZ,n=true, offset=-4, target=0x0214, inst=5400
DEC B: 255 -> 254
DEC B: 254 -> 253
DEC B: 253 -> 252
DEC B: 252 -> 251
DEC B: 251 -> 250
DEC B: 250 -> 249
DEC B: 249 -> 248
DEC B: 248 -> 247
DEC B: 247 -> 246
DEC B: 246 -> 245
DEC B: 245 -> 244
DEC B: 244 -> 243
DEC B: 243 -> 242
DEC B: 242 -> 241
DEC B: 241 -> 240
DEC B: 240 -> 239
DEC B: 239 -> 238
DEC B: 238 -> 237
DEC B: 237 -> 236
DEC B: 236 -> 235
DEC B: 235 -> 234
DEC B: 234 -> 233
DEC B: 233 -> 232
DEC B: 232 -> 231
DEC B: 231 -> 230
DEC B: 230 -> 229
DEC B: 229 -> 228
DEC B: 228 -> 227
DEC B: 227 -> 226
DEC B: 226 -> 225
DEC B: 225 -> 224
DEC B: 224 -> 223
DEC B: 223 -> 222
DEC B: 222 -> 221
DEC B: 221 -> 220
DEC B: 220 -> 219
DEC B: 219 -> 218
DEC B: 218 -> 217
DEC B: 217 -> 216
DEC B: 216 -> 215
DEC B: 215 -> 214
DEC B: 214 -> 213
DEC B: 213 -> 212
DEC B: 212 -> 211
DEC B: 211 -> 210
DEC B: 210 -> 209
DEC B: 209 -> 208
DEC B: 208 -> 207
DEC B: 207 -> 206
DEC B: 206 -> 205
DEC B: 205 -> 204
DEC B: 204 -> 203
DEC B: 203 -> 202
DEC B: 202 -> 201
DEC B: 201 -> 200
DEC B: 200 -> 199
DEC B: 199 -> 198
DEC B: 198 -> 197
DEC B: 197 -> 196
DEC B: 196 -> 195
DEC B: 195 -> 194
DEC B: 194 -> 193
DEC B: 193 -> 192
DEC B: 192 -> 191
DEC B: 191 -> 190
DEC B: 190 -> 189
DEC B: 189 -> 188
DEC B: 188 -> 187
DEC B: 187 -> 186
DEC B: 186 -> 185
DEC B: 185 -> 184
DEC B: 184 -> 183
DEC B: 183 -> 182
DEC B: 182 -> 181
DEC B: 181 -> 180
DEC B: 180 -> 179
DEC B: 179 -> 178
DEC B: 178 -> 177
DEC B: 177 -> 176
DEC B: 176 -> 175
DEC B: 175 -> 174
DEC B: 174 -> 173
DEC B: 173 -> 172
DEC B: 172 -> 171
DEC B: 171 -> 170
DEC B: 170 -> 169
DEC B: 169 -> 168
DEC B: 168 -> 167
DEC B: 167 -> 166
DEC B: 166 -> 165
DEC B: 165 -> 164
DEC B: 164 -> 163
DEC B: 163 -> 162
DEC B: 162 -> 161
DEC B: 161 -> 160
DEC B: 160 -> 159
DEC B: 159 -> 158
DEC B: 158 -> 157
DEC B: 157 -> 156
DEC B: 156 -> 155
JR check: JR NZ,n=true, offset=-4, target=0x0214, inst=5700
DEC B: 155 -> 154
DEC B: 154 -> 153
DEC B: 153 -> 152
DEC B: 152 -> 151
DEC B: 151 -> 150
DEC B: 150 -> 149
DEC B: 149 -> 148
DEC B: 148 -> 147
DEC B: 147 -> 146
DEC B: 146 -> 145
DEC B: 145 -> 144
DEC B: 144 -> 143
DEC B: 143 -> 142
DEC B: 142 -> 141
DEC B: 141 -> 140
DEC B: 140 -> 139
DEC B: 139 -> 138
DEC B: 138 -> 137
DEC B: 137 -> 136
DEC B: 136 -> 135
DEC B: 135 -> 134
DEC B: 134 -> 133
DEC B: 133 -> 132
DEC B: 132 -> 131
DEC B: 131 -> 130
DEC B: 130 -> 129
DEC B: 129 -> 128
DEC B: 128 -> 127
DEC B: 127 -> 126
DEC B: 126 -> 125
DEC B: 125 -> 124
DEC B: 124 -> 123
DEC B: 123 -> 122
DEC B: 122 -> 121
DEC B: 121 -> 120
DEC B: 120 -> 119
DEC B: 119 -> 118
DEC B: 118 -> 117
DEC B: 117 -> 116
DEC B: 116 -> 115
DEC B: 115 -> 114
DEC B: 114 -> 113
DEC B: 113 -> 112
DEC B: 112 -> 111
DEC B: 111 -> 110
DEC B: 110 -> 109
DEC B: 109 -> 108
DEC B: 108 -> 107
DEC B: 107 -> 106
DEC B: 106 -> 105
DEC B: 105 -> 104
DEC B: 104 -> 103
DEC B: 103 -> 102
DEC B: 102 -> 101
DEC B: 101 -> 100
DEC B: 100 -> 99
DEC B: 99 -> 98
DEC B: 98 -> 97
DEC B: 97 -> 96
DEC B: 96 -> 95
DEC B: 95 -> 94
DEC B: 94 -> 93
DEC B: 93 -> 92
DEC B: 92 -> 91
DEC B: 91 -> 90
DEC B: 90 -> 89
DEC B: 89 -> 88
DEC B: 88 -> 87
DEC B: 87 -> 86
DEC B: 86 -> 85
DEC B: 85 -> 84
DEC B: 84 -> 83
DEC B: 83 -> 82
DEC B: 82 -> 81
DEC B: 81 -> 80
DEC B: 80 -> 79
DEC B: 79 -> 78
DEC B: 78 -> 77
DEC B: 77 -> 76
DEC B: 76 -> 75
DEC B: 75 -> 74
DEC B: 74 -> 73
DEC B: 73 -> 72
DEC B: 72 -> 71
DEC B: 71 -> 70
DEC B: 70 -> 69
DEC B: 69 -> 68
DEC B: 68 -> 67
DEC B: 67 -> 66
DEC B: 66 -> 65
DEC B: 65 -> 64
DEC B: 64 -> 63
DEC B: 63 -> 62
DEC B: 62 -> 61
DEC B: 61 -> 60
DEC B: 60 -> 59
DEC B: 59 -> 58
DEC B: 58 -> 57
DEC B: 57 -> 56
DEC B: 56 -> 55
JR check: JR NZ,n=true, offset=-4, target=0x0214, inst=6000
DEC B: 55 -> 54
DEC B: 54 -> 53
DEC B: 53 -> 52
DEC B: 52 -> 51
DEC B: 51 -> 50
DEC B: 50 -> 49
DEC B: 49 -> 48
DEC B: 48 -> 47
DEC B: 47 -> 46
DEC B: 46 -> 45
DEC B: 45 -> 44
DEC B: 44 -> 43
DEC B: 43 -> 42
DEC B: 42 -> 41
DEC B: 41 -> 40
DEC B: 40 -> 39
DEC B: 39 -> 38
DEC B: 38 -> 37
DEC B: 37 -> 36
DEC B: 36 -> 35
DEC B: 35 -> 34
DEC B: 34 -> 33
DEC B: 33 -> 32
DEC B: 32 -> 31
DEC B: 31 -> 30
DEC B: 30 -> 29
DEC B: 29 -> 28
DEC B: 28 -> 27
DEC B: 27 -> 26
DEC B: 26 -> 25
DEC B: 25 -> 24
DEC B: 24 -> 23
DEC B: 23 -> 22
DEC B: 22 -> 21
DEC B: 21 -> 20
DEC B: 20 -> 19
DEC B: 19 -> 18
DEC B: 18 -> 17
DEC B: 17 -> 16
DEC B: 16 -> 15
DEC B: 15 -> 14
DEC B: 14 -> 13
DEC B: 13 -> 12
DEC B: 12 -> 11
DEC B: 11 -> 10
DEC B: 10 -> 9
DEC B: 9 -> 8
DEC B: 8 -> 7
DEC B: 7 -> 6
DEC B: 6 -> 5
DEC B: 5 -> 4
DEC B: 4 -> 3
DEC B: 3 -> 2
DEC B: 2 -> 1
DEC B: 1 -> 0
JR check: JR NZ,n=false, offset=-4, target=0x0214, inst=6165
DEC C: 9 -> 8
DEC B: 0 -> 255
DEC B: 255 -> 254
DEC B: 254 -> 253
DEC B: 253 -> 252
DEC B: 252 -> 251
DEC B: 251 -> 250
DEC B: 250 -> 249
DEC B: 249 -> 248
DEC B: 248 -> 247
DEC B: 247 -> 246
DEC B: 246 -> 245
JR check: JR NZ,n=true, offset=-4, target=0x0214, inst=6200
DEC B: 245 -> 244
DEC B: 244 -> 243
DEC B: 243 -> 242
DEC B: 242 -> 241
DEC B: 241 -> 240
DEC B: 240 -> 239
DEC B: 239 -> 238
DEC B: 238 -> 237
DEC B: 237 -> 236
DEC B: 236 -> 235
DEC B: 235 -> 234
DEC B: 234 -> 233
DEC B: 233 -> 232
DEC B: 232 -> 231
DEC B: 231 -> 230
DEC B: 230 -> 229
DEC B: 229 -> 228
DEC B: 228 -> 227
DEC B: 227 -> 226
DEC B: 226 -> 225
DEC B: 225 -> 224
DEC B: 224 -> 223
DEC B: 223 -> 222
DEC B: 222 -> 221
DEC B: 221 -> 220
DEC B: 220 -> 219
DEC B: 219 -> 218
DEC B: 218 -> 217
DEC B: 217 -> 216
DEC B: 216 -> 215
DEC B: 215 -> 214
DEC B: 214 -> 213
DEC B: 213 -> 212
DEC B: 212 -> 211
DEC B: 211 -> 210
DEC B: 210 -> 209
DEC B: 209 -> 208
DEC B: 208 -> 207
DEC B: 207 -> 206
DEC B: 206 -> 205
DEC B: 205 -> 204
DEC B: 204 -> 203
DEC B: 203 -> 202
DEC B: 202 -> 201
DEC B: 201 -> 200
DEC B: 200 -> 199
DEC B: 199 -> 198
DEC B: 198 -> 197
DEC B: 197 -> 196
DEC B: 196 -> 195
DEC B: 195 -> 194
DEC B: 194 -> 193
DEC B: 193 -> 192
DEC B: 192 -> 191
DEC B: 191 -> 190
DEC B: 190 -> 189
DEC B: 189 -> 188
DEC B: 188 -> 187
DEC B: 187 -> 186
DEC B: 186 -> 185
DEC B: 185 -> 184
DEC B: 184 -> 183
DEC B: 183 -> 182
DEC B: 182 -> 181
DEC B: 181 -> 180
DEC B: 180 -> 179
DEC B: 179 -> 178
DEC B: 178 -> 177
DEC B: 177 -> 176
DEC B: 176 -> 175
DEC B: 175 -> 174
DEC B: 174 -> 173
DEC B: 173 -> 172
DEC B: 172 -> 171
DEC B: 171 -> 170
DEC B: 170 -> 169
DEC B: 169 -> 168
DEC B: 168 -> 167
DEC B: 167 -> 166
DEC B: 166 -> 165
DEC B: 165 -> 164
DEC B: 164 -> 163
DEC B: 163 -> 162
DEC B: 162 -> 161
DEC B: 161 -> 160
DEC B: 160 -> 159
DEC B: 159 -> 158
DEC B: 158 -> 157
DEC B: 157 -> 156
DEC B: 156 -> 155
DEC B: 155 -> 154
DEC B: 154 -> 153
DEC B: 153 -> 152
DEC B: 152 -> 151
DEC B: 151 -> 150
DEC B: 150 -> 149
DEC B: 149 -> 148
DEC B: 148 -> 147
DEC B: 147 -> 146
DEC B: 146 -> 145
JR check: JR NZ,n=true, offset=-4, target=0x0214, inst=6500
DEC B: 145 -> 144
DEC B: 144 -> 143
DEC B: 143 -> 142
DEC B: 142 -> 141
DEC B: 141 -> 140
DEC B: 140 -> 139
DEC B: 139 -> 138
DEC B: 138 -> 137
DEC B: 137 -> 136
DEC B: 136 -> 135
DEC B: 135 -> 134
DEC B: 134 -> 133
DEC B: 133 -> 132
DEC B: 132 -> 131
DEC B: 131 -> 130
DEC B: 130 -> 129
DEC B: 129 -> 128
DEC B: 128 -> 127
DEC B: 127 -> 126
DEC B: 126 -> 125
DEC B: 125 -> 124
DEC B: 124 -> 123
DEC B: 123 -> 122
DEC B: 122 -> 121
DEC B: 121 -> 120
DEC B: 120 -> 119
DEC B: 119 -> 118
DEC B: 118 -> 117
DEC B: 117 -> 116
DEC B: 116 -> 115
DEC B: 115 -> 114
DEC B: 114 -> 113
DEC B: 113 -> 112
DEC B: 112 -> 111
DEC B: 111 -> 110
DEC B: 110 -> 109
DEC B: 109 -> 108
DEC B: 108 -> 107
DEC B: 107 -> 106
DEC B: 106 -> 105
DEC B: 105 -> 104
DEC B: 104 -> 103
DEC B: 103 -> 102
DEC B: 102 -> 101
DEC B: 101 -> 100
DEC B: 100 -> 99
DEC B: 99 -> 98
DEC B: 98 -> 97
DEC B: 97 -> 96
DEC B: 96 -> 95
DEC B: 95 -> 94
DEC B: 94 -> 93
DEC B: 93 -> 92
DEC B: 92 -> 91
DEC B: 91 -> 90
DEC B: 90 -> 89
DEC B: 89 -> 88
DEC B: 88 -> 87
DEC B: 87 -> 86
DEC B: 86 -> 85
DEC B: 85 -> 84
DEC B: 84 -> 83
DEC B: 83 -> 82
DEC B: 82 -> 81
DEC B: 81 -> 80
DEC B: 80 -> 79
DEC B: 79 -> 78
DEC B: 78 -> 77
DEC B: 77 -> 76
DEC B: 76 -> 75
DEC B: 75 -> 74
DEC B: 74 -> 73
DEC B: 73 -> 72
DEC B: 72 -> 71
DEC B: 71 -> 70
DEC B: 70 -> 69
DEC B: 69 -> 68
DEC B: 68 -> 67
DEC B: 67 -> 66
DEC B: 66 -> 65
DEC B: 65 -> 64
DEC B: 64 -> 63
DEC B: 63 -> 62
DEC B: 62 -> 61
DEC B: 61 -> 60
DEC B: 60 -> 59
DEC B: 59 -> 58
DEC B: 58 -> 57
DEC B: 57 -> 56
DEC B: 56 -> 55
DEC B: 55 -> 54
DEC B: 54 -> 53
DEC B: 53 -> 52
DEC B: 52 -> 51
DEC B: 51 -> 50
DEC B: 50 -> 49
DEC B: 49 -> 48
DEC B: 48 -> 47
DEC B: 47 -> 46
DEC B: 46 -> 45
JR check: JR NZ,n=true, offset=-4, target=0x0214, inst=6800
DEC B: 45 -> 44
DEC B: 44 -> 43
DEC B: 43 -> 42
DEC B: 42 -> 41
DEC B: 41 -> 40
DEC B: 40 -> 39
DEC B: 39 -> 38
DEC B: 38 -> 37
DEC B: 37 -> 36
DEC B: 36 -> 35
DEC B: 35 -> 34
DEC B: 34 -> 33
DEC B: 33 -> 32
DEC B: 32 -> 31
DEC B: 31 -> 30
DEC B: 30 -> 29
DEC B: 29 -> 28
DEC B: 28 -> 27
DEC B: 27 -> 26
DEC B: 26 -> 25
DEC B: 25 -> 24
DEC B: 24 -> 23
DEC B: 23 -> 22
DEC B: 22 -> 21
DEC B: 21 -> 20
DEC B: 20 -> 19
DEC B: 19 -> 18
DEC B: 18 -> 17
DEC B: 17 -> 16
DEC B: 16 -> 15
DEC B: 15 -> 14
DEC B: 14 -> 13
DEC B: 13 -> 12
DEC B: 12 -> 11
DEC B: 11 -> 10
DEC B: 10 -> 9
DEC B: 9 -> 8
DEC B: 8 -> 7
DEC B: 7 -> 6
DEC B: 6 -> 5
DEC B: 5 -> 4
DEC B: 4 -> 3
DEC B: 3 -> 2
DEC B: 2 -> 1
DEC B: 1 -> 0
JR check: JR NZ,n=false, offset=-4, target=0x0214, inst=6935
DEC C: 8 -> 7
DEC B: 0 -> 255
DEC B: 255 -> 254
DEC B: 254 -> 253
DEC B: 253 -> 252
DEC B: 252 -> 251
DEC B: 251 -> 250
DEC B: 250 -> 249
DEC B: 249 -> 248
DEC B: 248 -> 247
DEC B: 247 -> 246
DEC B: 246 -> 245
DEC B: 245 -> 244
DEC B: 244 -> 243
DEC B: 243 -> 242
DEC B: 242 -> 241
DEC B: 241 -> 240
DEC B: 240 -> 239
DEC B: 239 -> 238
DEC B: 238 -> 237
DEC B: 237 -> 236
DEC B: 236 -> 235
JR check: JR NZ,n=true, offset=-4, target=0x0214, inst=7000
DEC B: 235 -> 234
DEC B: 234 -> 233
DEC B: 233 -> 232
DEC B: 232 -> 231
DEC B: 231 -> 230
DEC B: 230 -> 229
DEC B: 229 -> 228
DEC B: 228 -> 227
DEC B: 227 -> 226
DEC B: 226 -> 225
DEC B: 225 -> 224
DEC B: 224 -> 223
DEC B: 223 -> 222
DEC B: 222 -> 221
DEC B: 221 -> 220
DEC B: 220 -> 219
DEC B: 219 -> 218
DEC B: 218 -> 217
DEC B: 217 -> 216
DEC B: 216 -> 215
DEC B: 215 -> 214
DEC B: 214 -> 213
DEC B: 213 -> 212
DEC B: 212 -> 211
DEC B: 211 -> 210
DEC B: 210 -> 209
DEC B: 209 -> 208
DEC B: 208 -> 207
DEC B: 207 -> 206
DEC B: 206 -> 205
DEC B: 205 -> 204
DEC B: 204 -> 203
DEC B: 203 -> 202
DEC B: 202 -> 201
DEC B: 201 -> 200
DEC B: 200 -> 199
DEC B: 199 -> 198
DEC B: 198 -> 197
DEC B: 197 -> 196
DEC B: 196 -> 195
DEC B: 195 -> 194
DEC B: 194 -> 193
DEC B: 193 -> 192
DEC B: 192 -> 191
DEC B: 191 -> 190
DEC B: 190 -> 189
DEC B: 189 -> 188
DEC B: 188 -> 187
DEC B: 187 -> 186
DEC B: 186 -> 185
DEC B: 185 -> 184
DEC B: 184 -> 183
DEC B: 183 -> 182
DEC B: 182 -> 181
DEC B: 181 -> 180
DEC B: 180 -> 179
DEC B: 179 -> 178
DEC B: 178 -> 177
DEC B: 177 -> 176
DEC B: 176 -> 175
DEC B: 175 -> 174
DEC B: 174 -> 173
DEC B: 173 -> 172
DEC B: 172 -> 171
DEC B: 171 -> 170
DEC B: 170 -> 169
DEC B: 169 -> 168
DEC B: 168 -> 167
DEC B: 167 -> 166
DEC B: 166 -> 165
DEC B: 165 -> 164
DEC B: 164 -> 163
DEC B: 163 -> 162
DEC B: 162 -> 161
DEC B: 161 -> 160
DEC B: 160 -> 159
DEC B: 159 -> 158
DEC B: 158 -> 157
DEC B: 157 -> 156
DEC B: 156 -> 155
DEC B: 155 -> 154
DEC B: 154 -> 153
DEC B: 153 -> 152
DEC B: 152 -> 151
DEC B: 151 -> 150
DEC B: 150 -> 149
DEC B: 149 -> 148
DEC B: 148 -> 147
DEC B: 147 -> 146
DEC B: 146 -> 145
DEC B: 145 -> 144
DEC B: 144 -> 143
DEC B: 143 -> 142
DEC B: 142 -> 141
DEC B: 141 -> 140
DEC B: 140 -> 139
DEC B: 139 -> 138
DEC B: 138 -> 137
DEC B: 137 -> 136
DEC B: 136 -> 135
JR check: JR NZ,n=true, offset=-4, target=0x0214, inst=7300
DEC B: 135 -> 134
DEC B: 134 -> 133
DEC B: 133 -> 132
DEC B: 132 -> 131
DEC B: 131 -> 130
DEC B: 130 -> 129
DEC B: 129 -> 128
DEC B: 128 -> 127
DEC B: 127 -> 126
DEC B: 126 -> 125
DEC B: 125 -> 124
DEC B: 124 -> 123
DEC B: 123 -> 122
DEC B: 122 -> 121
DEC B: 121 -> 120
DEC B: 120 -> 119
DEC B: 119 -> 118
DEC B: 118 -> 117
DEC B: 117 -> 116
DEC B: 116 -> 115
DEC B: 115 -> 114
DEC B: 114 -> 113
DEC B: 113 -> 112
DEC B: 112 -> 111
DEC B: 111 -> 110
DEC B: 110 -> 109
DEC B: 109 -> 108
DEC B: 108 -> 107
DEC B: 107 -> 106
DEC B: 106 -> 105
DEC B: 105 -> 104
DEC B: 104 -> 103
DEC B: 103 -> 102
DEC B: 102 -> 101
DEC B: 101 -> 100
DEC B: 100 -> 99
DEC B: 99 -> 98
DEC B: 98 -> 97
DEC B: 97 -> 96
DEC B: 96 -> 95
DEC B: 95 -> 94
DEC B: 94 -> 93
DEC B: 93 -> 92
DEC B: 92 -> 91
DEC B: 91 -> 90
DEC B: 90 -> 89
DEC B: 89 -> 88
DEC B: 88 -> 87
DEC B: 87 -> 86
DEC B: 86 -> 85
DEC B: 85 -> 84
DEC B: 84 -> 83
DEC B: 83 -> 82
DEC B: 82 -> 81
DEC B: 81 -> 80
DEC B: 80 -> 79
DEC B: 79 -> 78
DEC B: 78 -> 77
DEC B: 77 -> 76
DEC B: 76 -> 75
DEC B: 75 -> 74
DEC B: 74 -> 73
DEC B: 73 -> 72
DEC B: 72 -> 71
DEC B: 71 -> 70
DEC B: 70 -> 69
DEC B: 69 -> 68
DEC B: 68 -> 67
DEC B: 67 -> 66
DEC B: 66 -> 65
DEC B: 65 -> 64
DEC B: 64 -> 63
DEC B: 63 -> 62
DEC B: 62 -> 61
DEC B: 61 -> 60
DEC B: 60 -> 59
DEC B: 59 -> 58
DEC B: 58 -> 57
DEC B: 57 -> 56
DEC B: 56 -> 55
DEC B: 55 -> 54
DEC B: 54 -> 53
DEC B: 53 -> 52
DEC B: 52 -> 51
DEC B: 51 -> 50
DEC B: 50 -> 49
DEC B: 49 -> 48
DEC B: 48 -> 47
DEC B: 47 -> 46
DEC B: 46 -> 45
DEC B: 45 -> 44
DEC B: 44 -> 43
DEC B: 43 -> 42
DEC B: 42 -> 41
DEC B: 41 -> 40
DEC B: 40 -> 39
DEC B: 39 -> 38
DEC B: 38 -> 37
DEC B: 37 -> 36
DEC B: 36 -> 35
JR check: JR NZ,n=true, offset=-4, target=0x0214, inst=7600
DEC B: 35 -> 34
DEC B: 34 -> 33
DEC B: 33 -> 32
DEC B: 32 -> 31
DEC B: 31 -> 30
DEC B: 30 -> 29
DEC B: 29 -> 28
DEC B: 28 -> 27
DEC B: 27 -> 26
DEC B: 26 -> 25
DEC B: 25 -> 24
DEC B: 24 -> 23
DEC B: 23 -> 22
DEC B: 22 -> 21
DEC B: 21 -> 20
DEC B: 20 -> 19
DEC B: 19 -> 18
DEC B: 18 -> 17
DEC B: 17 -> 16
DEC B: 16 -> 15
DEC B: 15 -> 14
DEC B: 14 -> 13
DEC B: 13 -> 12
DEC B: 12 -> 11
DEC B: 11 -> 10
DEC B: 10 -> 9
DEC B: 9 -> 8
DEC B: 8 -> 7
DEC B: 7 -> 6
DEC B: 6 -> 5
DEC B: 5 -> 4
DEC B: 4 -> 3
DEC B: 3 -> 2
DEC B: 2 -> 1
DEC B: 1 -> 0
JR check: JR NZ,n=false, offset=-4, target=0x0214, inst=7705
DEC C: 7 -> 6
DEC B: 0 -> 255
DEC B: 255 -> 254
DEC B: 254 -> 253
DEC B: 253 -> 252
DEC B: 252 -> 251
DEC B: 251 -> 250
DEC B: 250 -> 249
DEC B: 249 -> 248
DEC B: 248 -> 247
DEC B: 247 -> 246
DEC B: 246 -> 245
DEC B: 245 -> 244
DEC B: 244 -> 243
DEC B: 243 -> 242
DEC B: 242 -> 241
DEC B: 241 -> 240
DEC B: 240 -> 239
DEC B: 239 -> 238
DEC B: 238 -> 237
DEC B: 237 -> 236
DEC B: 236 -> 235
DEC B: 235 -> 234
DEC B: 234 -> 233
DEC B: 233 -> 232
DEC B: 232 -> 231
DEC B: 231 -> 230
DEC B: 230 -> 229
DEC B: 229 -> 228
DEC B: 228 -> 227
DEC B: 227 -> 226
DEC B: 226 -> 225
JR check: JR NZ,n=true, offset=-4, target=0x0214, inst=7800
DEC B: 225 -> 224
DEC B: 224 -> 223
DEC B: 223 -> 222
DEC B: 222 -> 221
DEC B: 221 -> 220
DEC B: 220 -> 219
DEC B: 219 -> 218
DEC B: 218 -> 217
DEC B: 217 -> 216
DEC B: 216 -> 215
DEC B: 215 -> 214
DEC B: 214 -> 213
DEC B: 213 -> 212
DEC B: 212 -> 211
DEC B: 211 -> 210
DEC B: 210 -> 209
DEC B: 209 -> 208
DEC B: 208 -> 207
DEC B: 207 -> 206
DEC B: 206 -> 205
DEC B: 205 -> 204
DEC B: 204 -> 203
DEC B: 203 -> 202
DEC B: 202 -> 201
DEC B: 201 -> 200
DEC B: 200 -> 199
DEC B: 199 -> 198
DEC B: 198 -> 197
DEC B: 197 -> 196
DEC B: 196 -> 195
DEC B: 195 -> 194
DEC B: 194 -> 193
DEC B: 193 -> 192
DEC B: 192 -> 191
DEC B: 191 -> 190
DEC B: 190 -> 189
DEC B: 189 -> 188
DEC B: 188 -> 187
DEC B: 187 -> 186
DEC B: 186 -> 185
DEC B: 185 -> 184
DEC B: 184 -> 183
DEC B: 183 -> 182
DEC B: 182 -> 181
DEC B: 181 -> 180
DEC B: 180 -> 179
DEC B: 179 -> 178
DEC B: 178 -> 177
DEC B: 177 -> 176
DEC B: 176 -> 175
DEC B: 175 -> 174
DEC B: 174 -> 173
DEC B: 173 -> 172
DEC B: 172 -> 171
DEC B: 171 -> 170
DEC B: 170 -> 169
DEC B: 169 -> 168
DEC B: 168 -> 167
DEC B: 167 -> 166
DEC B: 166 -> 165
DEC B: 165 -> 164
DEC B: 164 -> 163
DEC B: 163 -> 162
DEC B: 162 -> 161
DEC B: 161 -> 160
DEC B: 160 -> 159
DEC B: 159 -> 158
DEC B: 158 -> 157
DEC B: 157 -> 156
DEC B: 156 -> 155
DEC B: 155 -> 154
DEC B: 154 -> 153
DEC B: 153 -> 152
DEC B: 152 -> 151
DEC B: 151 -> 150
DEC B: 150 -> 149
DEC B: 149 -> 148
DEC B: 148 -> 147
DEC B: 147 -> 146
DEC B: 146 -> 145
DEC B: 145 -> 144
DEC B: 144 -> 143
DEC B: 143 -> 142
DEC B: 142 -> 141
DEC B: 141 -> 140
DEC B: 140 -> 139
DEC B: 139 -> 138
DEC B: 138 -> 137
DEC B: 137 -> 136
DEC B: 136 -> 135
DEC B: 135 -> 134
DEC B: 134 -> 133
DEC B: 133 -> 132
DEC B: 132 -> 131
DEC B: 131 -> 130
DEC B: 130 -> 129
DEC B: 129 -> 128
DEC B: 128 -> 127
DEC B: 127 -> 126
DEC B: 126 -> 125
JR check: JR NZ,n=true, offset=-4, target=0x0214, inst=8100
DEC B: 125 -> 124
DEC B: 124 -> 123
DEC B: 123 -> 122
DEC B: 122 -> 121
DEC B: 121 -> 120
DEC B: 120 -> 119
DEC B: 119 -> 118
DEC B: 118 -> 117
DEC B: 117 -> 116
DEC B: 116 -> 115
DEC B: 115 -> 114
DEC B: 114 -> 113
DEC B: 113 -> 112
DEC B: 112 -> 111
DEC B: 111 -> 110
DEC B: 110 -> 109
DEC B: 109 -> 108
DEC B: 108 -> 107
DEC B: 107 -> 106
DEC B: 106 -> 105
DEC B: 105 -> 104
DEC B: 104 -> 103
DEC B: 103 -> 102
DEC B: 102 -> 101
DEC B: 101 -> 100
DEC B: 100 -> 99
DEC B: 99 -> 98
DEC B: 98 -> 97
DEC B: 97 -> 96
DEC B: 96 -> 95
DEC B: 95 -> 94
DEC B: 94 -> 93
DEC B: 93 -> 92
DEC B: 92 -> 91
DEC B: 91 -> 90
DEC B: 90 -> 89
DEC B: 89 -> 88
DEC B: 88 -> 87
DEC B: 87 -> 86
DEC B: 86 -> 85
DEC B: 85 -> 84
DEC B: 84 -> 83
DEC B: 83 -> 82
DEC B: 82 -> 81
DEC B: 81 -> 80
DEC B: 80 -> 79
DEC B: 79 -> 78
DEC B: 78 -> 77
DEC B: 77 -> 76
DEC B: 76 -> 75
DEC B: 75 -> 74
DEC B: 74 -> 73
DEC B: 73 -> 72
DEC B: 72 -> 71
DEC B: 71 -> 70
DEC B: 70 -> 69
DEC B: 69 -> 68
DEC B: 68 -> 67
DEC B: 67 -> 66
DEC B: 66 -> 65
DEC B: 65 -> 64
DEC B: 64 -> 63
DEC B: 63 -> 62
DEC B: 62 -> 61
DEC B: 61 -> 60
DEC B: 60 -> 59
DEC B: 59 -> 58
DEC B: 58 -> 57
DEC B: 57 -> 56
DEC B: 56 -> 55
DEC B: 55 -> 54
DEC B: 54 -> 53
DEC B: 53 -> 52
DEC B: 52 -> 51
DEC B: 51 -> 50
DEC B: 50 -> 49
DEC B: 49 -> 48
DEC B: 48 -> 47
DEC B: 47 -> 46
DEC B: 46 -> 45
DEC B: 45 -> 44
DEC B: 44 -> 43
DEC B: 43 -> 42
DEC B: 42 -> 41
DEC B: 41 -> 40
DEC B: 40 -> 39
DEC B: 39 -> 38
DEC B: 38 -> 37
DEC B: 37 -> 36
DEC B: 36 -> 35
DEC B: 35 -> 34
DEC B: 34 -> 33
DEC B: 33 -> 32
DEC B: 32 -> 31
DEC B: 31 -> 30
DEC B: 30 -> 29
DEC B: 29 -> 28
DEC B: 28 -> 27
DEC B: 27 -> 26
DEC B: 26 -> 25
JR check: JR NZ,n=true, offset=-4, target=0x0214, inst=8400
DEC B: 25 -> 24
DEC B: 24 -> 23
DEC B: 23 -> 22
DEC B: 22 -> 21
DEC B: 21 -> 20
DEC B: 20 -> 19
DEC B: 19 -> 18
DEC B: 18 -> 17
DEC B: 17 -> 16
DEC B: 16 -> 15
DEC B: 15 -> 14
DEC B: 14 -> 13
DEC B: 13 -> 12
DEC B: 12 -> 11
DEC B: 11 -> 10
DEC B: 10 -> 9
DEC B: 9 -> 8
DEC B: 8 -> 7
DEC B: 7 -> 6
DEC B: 6 -> 5
DEC B: 5 -> 4
DEC B: 4 -> 3
DEC B: 3 -> 2
DEC B: 2 -> 1
DEC B: 1 -> 0
JR check: JR NZ,n=false, offset=-4, target=0x0214, inst=8475
DEC C: 6 -> 5
DEC B: 0 -> 255
DEC B: 255 -> 254
DEC B: 254 -> 253
DEC B: 253 -> 252
DEC B: 252 -> 251
DEC B: 251 -> 250
DEC B: 250 -> 249
DEC B: 249 -> 248
DEC B: 248 -> 247
DEC B: 247 -> 246
DEC B: 246 -> 245
DEC B: 245 -> 244
DEC B: 244 -> 243
DEC B: 243 -> 242
DEC B: 242 -> 241
DEC B: 241 -> 240
DEC B: 240 -> 239
DEC B: 239 -> 238
DEC B: 238 -> 237
DEC B: 237 -> 236
DEC B: 236 -> 235
DEC B: 235 -> 234
DEC B: 234 -> 233
DEC B: 233 -> 232
DEC B: 232 -> 231
DEC B: 231 -> 230
DEC B: 230 -> 229
DEC B: 229 -> 228
DEC B: 228 -> 227
DEC B: 227 -> 226
DEC B: 226 -> 225
DEC B: 225 -> 224
DEC B: 224 -> 223
DEC B: 223 -> 222
DEC B: 222 -> 221
DEC B: 221 -> 220
DEC B: 220 -> 219
DEC B: 219 -> 218
DEC B: 218 -> 217
DEC B: 217 -> 216
DEC B: 216 -> 215
JR check: JR NZ,n=true, offset=-4, target=0x0214, inst=8600
DEC B: 215 -> 214
DEC B: 214 -> 213
DEC B: 213 -> 212
DEC B: 212 -> 211
DEC B: 211 -> 210
DEC B: 210 -> 209
DEC B: 209 -> 208
DEC B: 208 -> 207
DEC B: 207 -> 206
DEC B: 206 -> 205
DEC B: 205 -> 204
DEC B: 204 -> 203
DEC B: 203 -> 202
DEC B: 202 -> 201
DEC B: 201 -> 200
DEC B: 200 -> 199
DEC B: 199 -> 198
DEC B: 198 -> 197
DEC B: 197 -> 196
DEC B: 196 -> 195
DEC B: 195 -> 194
DEC B: 194 -> 193
DEC B: 193 -> 192
DEC B: 192 -> 191
DEC B: 191 -> 190
DEC B: 190 -> 189
DEC B: 189 -> 188
DEC B: 188 -> 187
DEC B: 187 -> 186
DEC B: 186 -> 185
DEC B: 185 -> 184
DEC B: 184 -> 183
DEC B: 183 -> 182
DEC B: 182 -> 181
DEC B: 181 -> 180
DEC B: 180 -> 179
DEC B: 179 -> 178
DEC B: 178 -> 177
DEC B: 177 -> 176
DEC B: 176 -> 175
DEC B: 175 -> 174
DEC B: 174 -> 173
DEC B: 173 -> 172
DEC B: 172 -> 171
DEC B: 171 -> 170
DEC B: 170 -> 169
DEC B: 169 -> 168
DEC B: 168 -> 167
DEC B: 167 -> 166
DEC B: 166 -> 165
DEC B: 165 -> 164
DEC B: 164 -> 163
DEC B: 163 -> 162
DEC B: 162 -> 161
DEC B: 161 -> 160
DEC B: 160 -> 159
DEC B: 159 -> 158
DEC B: 158 -> 157
DEC B: 157 -> 156
DEC B: 156 -> 155
DEC B: 155 -> 154
DEC B: 154 -> 153
DEC B: 153 -> 152
DEC B: 152 -> 151
DEC B: 151 -> 150
DEC B: 150 -> 149
DEC B: 149 -> 148
DEC B: 148 -> 147
DEC B: 147 -> 146
DEC B: 146 -> 145
DEC B: 145 -> 144
DEC B: 144 -> 143
DEC B: 143 -> 142
DEC B: 142 -> 141
DEC B: 141 -> 140
DEC B: 140 -> 139
DEC B: 139 -> 138
DEC B: 138 -> 137
DEC B: 137 -> 136
DEC B: 136 -> 135
DEC B: 135 -> 134
DEC B: 134 -> 133
DEC B: 133 -> 132
DEC B: 132 -> 131
DEC B: 131 -> 130
DEC B: 130 -> 129
DEC B: 129 -> 128
DEC B: 128 -> 127
DEC B: 127 -> 126
DEC B: 126 -> 125
DEC B: 125 -> 124
DEC B: 124 -> 123
DEC B: 123 -> 122
DEC B: 122 -> 121
DEC B: 121 -> 120
DEC B: 120 -> 119
DEC B: 119 -> 118
DEC B: 118 -> 117
DEC B: 117 -> 116
DEC B: 116 -> 115
JR check: JR NZ,n=true, offset=-4, target=0x0214, inst=8900
DEC B: 115 -> 114
DEC B: 114 -> 113
DEC B: 113 -> 112
DEC B: 112 -> 111
DEC B: 111 -> 110
DEC B: 110 -> 109
DEC B: 109 -> 108
DEC B: 108 -> 107
DEC B: 107 -> 106
DEC B: 106 -> 105
DEC B: 105 -> 104
DEC B: 104 -> 103
DEC B: 103 -> 102
DEC B: 102 -> 101
DEC B: 101 -> 100
DEC B: 100 -> 99
DEC B: 99 -> 98
DEC B: 98 -> 97
DEC B: 97 -> 96
DEC B: 96 -> 95
DEC B: 95 -> 94
DEC B: 94 -> 93
DEC B: 93 -> 92
DEC B: 92 -> 91
DEC B: 91 -> 90
DEC B: 90 -> 89
DEC B: 89 -> 88
DEC B: 88 -> 87
DEC B: 87 -> 86
DEC B: 86 -> 85
DEC B: 85 -> 84
DEC B: 84 -> 83
DEC B: 83 -> 82
DEC B: 82 -> 81
DEC B: 81 -> 80
DEC B: 80 -> 79
DEC B: 79 -> 78
DEC B: 78 -> 77
DEC B: 77 -> 76
DEC B: 76 -> 75
DEC B: 75 -> 74
DEC B: 74 -> 73
DEC B: 73 -> 72
DEC B: 72 -> 71
DEC B: 71 -> 70
DEC B: 70 -> 69
DEC B: 69 -> 68
DEC B: 68 -> 67
DEC B: 67 -> 66
DEC B: 66 -> 65
DEC B: 65 -> 64
DEC B: 64 -> 63
DEC B: 63 -> 62
DEC B: 62 -> 61
DEC B: 61 -> 60
DEC B: 60 -> 59
DEC B: 59 -> 58
DEC B: 58 -> 57
DEC B: 57 -> 56
DEC B: 56 -> 55
DEC B: 55 -> 54
DEC B: 54 -> 53
DEC B: 53 -> 52
DEC B: 52 -> 51
DEC B: 51 -> 50
DEC B: 50 -> 49
DEC B: 49 -> 48
DEC B: 48 -> 47
DEC B: 47 -> 46
DEC B: 46 -> 45
DEC B: 45 -> 44
DEC B: 44 -> 43
DEC B: 43 -> 42
DEC B: 42 -> 41
DEC B: 41 -> 40
DEC B: 40 -> 39
DEC B: 39 -> 38
DEC B: 38 -> 37
DEC B: 37 -> 36
DEC B: 36 -> 35
DEC B: 35 -> 34
DEC B: 34 -> 33
DEC B: 33 -> 32
DEC B: 32 -> 31
DEC B: 31 -> 30
DEC B: 30 -> 29
DEC B: 29 -> 28
DEC B: 28 -> 27
DEC B: 27 -> 26
DEC B: 26 -> 25
DEC B: 25 -> 24
DEC B: 24 -> 23
DEC B: 23 -> 22
DEC B: 22 -> 21
DEC B: 21 -> 20
DEC B: 20 -> 19
DEC B: 19 -> 18
DEC B: 18 -> 17
DEC B: 17 -> 16
DEC B: 16 -> 15
JR check: JR NZ,n=true, offset=-4, target=0x0214, inst=9200
DEC B: 15 -> 14
DEC B: 14 -> 13
DEC B: 13 -> 12
DEC B: 12 -> 11
DEC B: 11 -> 10
DEC B: 10 -> 9
DEC B: 9 -> 8
DEC B: 8 -> 7
DEC B: 7 -> 6
DEC B: 6 -> 5
DEC B: 5 -> 4
DEC B: 4 -> 3
DEC B: 3 -> 2
DEC B: 2 -> 1
DEC B: 1 -> 0
JR check: JR NZ,n=false, offset=-4, target=0x0214, inst=9245
DEC C: 5 -> 4
DEC B: 0 -> 255
DEC B: 255 -> 254
DEC B: 254 -> 253
DEC B: 253 -> 252
DEC B: 252 -> 251
DEC B: 251 -> 250
DEC B: 250 -> 249
DEC B: 249 -> 248
DEC B: 248 -> 247
DEC B: 247 -> 246
DEC B: 246 -> 245
DEC B: 245 -> 244
DEC B: 244 -> 243
DEC B: 243 -> 242
DEC B: 242 -> 241
DEC B: 241 -> 240
DEC B: 240 -> 239
DEC B: 239 -> 238
DEC B: 238 -> 237
DEC B: 237 -> 236
DEC B: 236 -> 235
DEC B: 235 -> 234
DEC B: 234 -> 233
DEC B: 233 -> 232
DEC B: 232 -> 231
DEC B: 231 -> 230
DEC B: 230 -> 229
DEC B: 229 -> 228
DEC B: 228 -> 227
DEC B: 227 -> 226
DEC B: 226 -> 225
DEC B: 225 -> 224
DEC B: 224 -> 223
DEC B: 223 -> 222
DEC B: 222 -> 221
DEC B: 221 -> 220
DEC B: 220 -> 219
DEC B: 219 -> 218
DEC B: 218 -> 217
DEC B: 217 -> 216
DEC B: 216 -> 215
DEC B: 215 -> 214
DEC B: 214 -> 213
DEC B: 213 -> 212
DEC B: 212 -> 211
DEC B: 211 -> 210
DEC B: 210 -> 209
DEC B: 209 -> 208
DEC B: 208 -> 207
DEC B: 207 -> 206
DEC B: 206 -> 205
JR check: JR NZ,n=true, offset=-4, target=0x0214, inst=9400
DEC B: 205 -> 204
DEC B: 204 -> 203
DEC B: 203 -> 202
DEC B: 202 -> 201
DEC B: 201 -> 200
DEC B: 200 -> 199
DEC B: 199 -> 198
DEC B: 198 -> 197
DEC B: 197 -> 196
DEC B: 196 -> 195
DEC B: 195 -> 194
DEC B: 194 -> 193
DEC B: 193 -> 192
DEC B: 192 -> 191
DEC B: 191 -> 190
DEC B: 190 -> 189
DEC B: 189 -> 188
DEC B: 188 -> 187
DEC B: 187 -> 186
DEC B: 186 -> 185
DEC B: 185 -> 184
DEC B: 184 -> 183
DEC B: 183 -> 182
DEC B: 182 -> 181
DEC B: 181 -> 180
DEC B: 180 -> 179
DEC B: 179 -> 178
DEC B: 178 -> 177
DEC B: 177 -> 176
DEC B: 176 -> 175
DEC B: 175 -> 174
DEC B: 174 -> 173
DEC B: 173 -> 172
DEC B: 172 -> 171
DEC B: 171 -> 170
DEC B: 170 -> 169
DEC B: 169 -> 168
DEC B: 168 -> 167
DEC B: 167 -> 166
DEC B: 166 -> 165
DEC B: 165 -> 164
DEC B: 164 -> 163
DEC B: 163 -> 162
DEC B: 162 -> 161
DEC B: 161 -> 160
DEC B: 160 -> 159
DEC B: 159 -> 158
DEC B: 158 -> 157
DEC B: 157 -> 156
DEC B: 156 -> 155
DEC B: 155 -> 154
DEC B: 154 -> 153
DEC B: 153 -> 152
DEC B: 152 -> 151
DEC B: 151 -> 150
DEC B: 150 -> 149
DEC B: 149 -> 148
DEC B: 148 -> 147
DEC B: 147 -> 146
DEC B: 146 -> 145
DEC B: 145 -> 144
DEC B: 144 -> 143
DEC B: 143 -> 142
DEC B: 142 -> 141
DEC B: 141 -> 140
DEC B: 140 -> 139
DEC B: 139 -> 138
DEC B: 138 -> 137
DEC B: 137 -> 136
DEC B: 136 -> 135
DEC B: 135 -> 134
DEC B: 134 -> 133
DEC B: 133 -> 132
DEC B: 132 -> 131
DEC B: 131 -> 130
DEC B: 130 -> 129
DEC B: 129 -> 128
DEC B: 128 -> 127
DEC B: 127 -> 126
DEC B: 126 -> 125
DEC B: 125 -> 124
DEC B: 124 -> 123
DEC B: 123 -> 122
DEC B: 122 -> 121
DEC B: 121 -> 120
DEC B: 120 -> 119
DEC B: 119 -> 118
DEC B: 118 -> 117
DEC B: 117 -> 116
DEC B: 116 -> 115
DEC B: 115 -> 114
DEC B: 114 -> 113
DEC B: 113 -> 112
DEC B: 112 -> 111
DEC B: 111 -> 110
DEC B: 110 -> 109
DEC B: 109 -> 108
DEC B: 108 -> 107
DEC B: 107 -> 106
DEC B: 106 -> 105
JR check: JR NZ,n=true, offset=-4, target=0x0214, inst=9700
DEC B: 105 -> 104
DEC B: 104 -> 103
DEC B: 103 -> 102
DEC B: 102 -> 101
DEC B: 101 -> 100
DEC B: 100 -> 99
DEC B: 99 -> 98
DEC B: 98 -> 97
DEC B: 97 -> 96
DEC B: 96 -> 95
DEC B: 95 -> 94
DEC B: 94 -> 93
DEC B: 93 -> 92
DEC B: 92 -> 91
DEC B: 91 -> 90
DEC B: 90 -> 89
DEC B: 89 -> 88
DEC B: 88 -> 87
DEC B: 87 -> 86
DEC B: 86 -> 85
DEC B: 85 -> 84
DEC B: 84 -> 83
DEC B: 83 -> 82
DEC B: 82 -> 81
DEC B: 81 -> 80
DEC B: 80 -> 79
DEC B: 79 -> 78
DEC B: 78 -> 77
DEC B: 77 -> 76
DEC B: 76 -> 75
DEC B: 75 -> 74
DEC B: 74 -> 73
DEC B: 73 -> 72
DEC B: 72 -> 71
DEC B: 71 -> 70
DEC B: 70 -> 69
DEC B: 69 -> 68
DEC B: 68 -> 67
DEC B: 67 -> 66
DEC B: 66 -> 65
DEC B: 65 -> 64
DEC B: 64 -> 63
DEC B: 63 -> 62
DEC B: 62 -> 61
DEC B: 61 -> 60
DEC B: 60 -> 59
DEC B: 59 -> 58
DEC B: 58 -> 57
DEC B: 57 -> 56
DEC B: 56 -> 55
DEC B: 55 -> 54
DEC B: 54 -> 53
DEC B: 53 -> 52
DEC B: 52 -> 51
DEC B: 51 -> 50
DEC B: 50 -> 49
DEC B: 49 -> 48
DEC B: 48 -> 47
DEC B: 47 -> 46
DEC B: 46 -> 45
DEC B: 45 -> 44
DEC B: 44 -> 43
DEC B: 43 -> 42
DEC B: 42 -> 41
DEC B: 41 -> 40
DEC B: 40 -> 39
DEC B: 39 -> 38
DEC B: 38 -> 37
DEC B: 37 -> 36
DEC B: 36 -> 35
DEC B: 35 -> 34
DEC B: 34 -> 33
DEC B: 33 -> 32
DEC B: 32 -> 31
DEC B: 31 -> 30
DEC B: 30 -> 29
DEC B: 29 -> 28
DEC B: 28 -> 27
DEC B: 27 -> 26
DEC B: 26 -> 25
DEC B: 25 -> 24
DEC B: 24 -> 23
DEC B: 23 -> 22
DEC B: 22 -> 21
DEC B: 21 -> 20
DEC B: 20 -> 19
DEC B: 19 -> 18
DEC B: 18 -> 17
DEC B: 17 -> 16
DEC B: 16 -> 15
DEC B: 15 -> 14
DEC B: 14 -> 13
DEC B: 13 -> 12
DEC B: 12 -> 11
DEC B: 11 -> 10
DEC B: 10 -> 9
DEC B: 9 -> 8
DEC B: 8 -> 7
DEC B: 7 -> 6
DEC B: 6 -> 5
JR check: JR NZ,n=true, offset=-4, target=0x0214, inst=10000
DEC B: 5 -> 4
DEC B: 4 -> 3
DEC B: 3 -> 2
DEC B: 2 -> 1
DEC B: 1 -> 0
JR check: JR NZ,n=false, offset=-4, target=0x0214, inst=10015
DEC C: 4 -> 3
DEC B: 0 -> 255
DEC B: 255 -> 254
DEC B: 254 -> 253
DEC B: 253 -> 252
DEC B: 252 -> 251
DEC B: 251 -> 250
DEC B: 250 -> 249
DEC B: 249 -> 248
DEC B: 248 -> 247
DEC B: 247 -> 246
DEC B: 246 -> 245
DEC B: 245 -> 244
DEC B: 244 -> 243
DEC B: 243 -> 242
DEC B: 242 -> 241
DEC B: 241 -> 240
DEC B: 240 -> 239
DEC B: 239 -> 238
DEC B: 238 -> 237
DEC B: 237 -> 236
DEC B: 236 -> 235
DEC B: 235 -> 234
DEC B: 234 -> 233
DEC B: 233 -> 232
DEC B: 232 -> 231
DEC B: 231 -> 230
DEC B: 230 -> 229
DEC B: 229 -> 228
DEC B: 228 -> 227
DEC B: 227 -> 226
DEC B: 226 -> 225
DEC B: 225 -> 224
DEC B: 224 -> 223
DEC B: 223 -> 222
DEC B: 222 -> 221
DEC B: 221 -> 220
DEC B: 220 -> 219
DEC B: 219 -> 218
DEC B: 218 -> 217
DEC B: 217 -> 216
DEC B: 216 -> 215
DEC B: 215 -> 214
DEC B: 214 -> 213
DEC B: 213 -> 212
DEC B: 212 -> 211
DEC B: 211 -> 210
DEC B: 210 -> 209
DEC B: 209 -> 208
DEC B: 208 -> 207
DEC B: 207 -> 206
DEC B: 206 -> 205
DEC B: 205 -> 204
DEC B: 204 -> 203
DEC B: 203 -> 202
DEC B: 202 -> 201
DEC B: 201 -> 200
DEC B: 200 -> 199
DEC B: 199 -> 198
DEC B: 198 -> 197
DEC B: 197 -> 196
DEC B: 196 -> 195
JR check: JR NZ,n=true, offset=-4, target=0x0214, inst=10200
DEC B: 195 -> 194
DEC B: 194 -> 193
DEC B: 193 -> 192
DEC B: 192 -> 191
DEC B: 191 -> 190
DEC B: 190 -> 189
DEC B: 189 -> 188
DEC B: 188 -> 187
DEC B: 187 -> 186
DEC B: 186 -> 185
DEC B: 185 -> 184
DEC B: 184 -> 183
DEC B: 183 -> 182
DEC B: 182 -> 181
DEC B: 181 -> 180
DEC B: 180 -> 179
DEC B: 179 -> 178
DEC B: 178 -> 177
DEC B: 177 -> 176
DEC B: 176 -> 175
DEC B: 175 -> 174
DEC B: 174 -> 173
DEC B: 173 -> 172
DEC B: 172 -> 171
DEC B: 171 -> 170
DEC B: 170 -> 169
DEC B: 169 -> 168
DEC B: 168 -> 167
DEC B: 167 -> 166
DEC B: 166 -> 165
DEC B: 165 -> 164
DEC B: 164 -> 163
DEC B: 163 -> 162
DEC B: 162 -> 161
DEC B: 161 -> 160
DEC B: 160 -> 159
DEC B: 159 -> 158
DEC B: 158 -> 157
DEC B: 157 -> 156
DEC B: 156 -> 155
DEC B: 155 -> 154
DEC B: 154 -> 153
DEC B: 153 -> 152
DEC B: 152 -> 151
DEC B: 151 -> 150
DEC B: 150 -> 149
DEC B: 149 -> 148
DEC B: 148 -> 147
DEC B: 147 -> 146
DEC B: 146 -> 145
DEC B: 145 -> 144
DEC B: 144 -> 143
DEC B: 143 -> 142
DEC B: 142 -> 141
DEC B: 141 -> 140
DEC B: 140 -> 139
DEC B: 139 -> 138
DEC B: 138 -> 137
DEC B: 137 -> 136
DEC B: 136 -> 135
DEC B: 135 -> 134
DEC B: 134 -> 133
DEC B: 133 -> 132
DEC B: 132 -> 131
DEC B: 131 -> 130
DEC B: 130 -> 129
DEC B: 129 -> 128
DEC B: 128 -> 127
DEC B: 127 -> 126
DEC B: 126 -> 125
DEC B: 125 -> 124
DEC B: 124 -> 123
DEC B: 123 -> 122
DEC B: 122 -> 121
DEC B: 121 -> 120
DEC B: 120 -> 119
DEC B: 119 -> 118
DEC B: 118 -> 117
DEC B: 117 -> 116
DEC B: 116 -> 115
DEC B: 115 -> 114
DEC B: 114 -> 113
DEC B: 113 -> 112
DEC B: 112 -> 111
DEC B: 111 -> 110
DEC B: 110 -> 109
DEC B: 109 -> 108
DEC B: 108 -> 107
DEC B: 107 -> 106
DEC B: 106 -> 105
DEC B: 105 -> 104
DEC B: 104 -> 103
DEC B: 103 -> 102
DEC B: 102 -> 101
DEC B: 101 -> 100
DEC B: 100 -> 99
DEC B: 99 -> 98
DEC B: 98 -> 97
DEC B: 97 -> 96
DEC B: 96 -> 95
JR check: JR NZ,n=true, offset=-4, target=0x0214, inst=10500
DEC B: 95 -> 94
DEC B: 94 -> 93
DEC B: 93 -> 92
DEC B: 92 -> 91
DEC B: 91 -> 90
DEC B: 90 -> 89
DEC B: 89 -> 88
DEC B: 88 -> 87
DEC B: 87 -> 86
DEC B: 86 -> 85
DEC B: 85 -> 84
DEC B: 84 -> 83
DEC B: 83 -> 82
DEC B: 82 -> 81
DEC B: 81 -> 80
DEC B: 80 -> 79
DEC B: 79 -> 78
DEC B: 78 -> 77
DEC B: 77 -> 76
DEC B: 76 -> 75
DEC B: 75 -> 74
DEC B: 74 -> 73
DEC B: 73 -> 72
DEC B: 72 -> 71
DEC B: 71 -> 70
DEC B: 70 -> 69
DEC B: 69 -> 68
DEC B: 68 -> 67
DEC B: 67 -> 66
DEC B: 66 -> 65
DEC B: 65 -> 64
DEC B: 64 -> 63
DEC B: 63 -> 62
DEC B: 62 -> 61
DEC B: 61 -> 60
DEC B: 60 -> 59
DEC B: 59 -> 58
DEC B: 58 -> 57
DEC B: 57 -> 56
DEC B: 56 -> 55
DEC B: 55 -> 54
DEC B: 54 -> 53
DEC B: 53 -> 52
DEC B: 52 -> 51
DEC B: 51 -> 50
DEC B: 50 -> 49
DEC B: 49 -> 48
DEC B: 48 -> 47
DEC B: 47 -> 46
DEC B: 46 -> 45
DEC B: 45 -> 44
DEC B: 44 -> 43
DEC B: 43 -> 42
DEC B: 42 -> 41
DEC B: 41 -> 40
DEC B: 40 -> 39
DEC B: 39 -> 38
DEC B: 38 -> 37
DEC B: 37 -> 36
DEC B: 36 -> 35
DEC B: 35 -> 34
DEC B: 34 -> 33
DEC B: 33 -> 32
DEC B: 32 -> 31
DEC B: 31 -> 30
DEC B: 30 -> 29
DEC B: 29 -> 28
DEC B: 28 -> 27
DEC B: 27 -> 26
DEC B: 26 -> 25
DEC B: 25 -> 24
DEC B: 24 -> 23
DEC B: 23 -> 22
DEC B: 22 -> 21
DEC B: 21 -> 20
DEC B: 20 -> 19
DEC B: 19 -> 18
DEC B: 18 -> 17
DEC B: 17 -> 16
DEC B: 16 -> 15
DEC B: 15 -> 14
DEC B: 14 -> 13
DEC B: 13 -> 12
DEC B: 12 -> 11
DEC B: 11 -> 10
DEC B: 10 -> 9
DEC B: 9 -> 8
DEC B: 8 -> 7
DEC B: 7 -> 6
DEC B: 6 -> 5
DEC B: 5 -> 4
DEC B: 4 -> 3
DEC B: 3 -> 2
DEC B: 2 -> 1
DEC B: 1 -> 0
JR check: JR NZ,n=false, offset=-4, target=0x0214, inst=10785
DEC C: 3 -> 2
DEC B: 0 -> 255
DEC B: 255 -> 254
DEC B: 254 -> 253
DEC B: 253 -> 252
DEC B: 252 -> 251
DEC B: 251 -> 250
DEC B: 250 -> 249
DEC B: 249 -> 248
DEC B: 248 -> 247
DEC B: 247 -> 246
DEC B: 246 -> 245
DEC B: 245 -> 244
DEC B: 244 -> 243
DEC B: 243 -> 242
DEC B: 242 -> 241
DEC B: 241 -> 240
DEC B: 240 -> 239
DEC B: 239 -> 238
DEC B: 238 -> 237
DEC B: 237 -> 236
DEC B: 236 -> 235
DEC B: 235 -> 234
DEC B: 234 -> 233
DEC B: 233 -> 232
DEC B: 232 -> 231
DEC B: 231 -> 230
DEC B: 230 -> 229
DEC B: 229 -> 228
DEC B: 228 -> 227
DEC B: 227 -> 226
DEC B: 226 -> 225
DEC B: 225 -> 224
DEC B: 224 -> 223
DEC B: 223 -> 222
DEC B: 222 -> 221
DEC B: 221 -> 220
DEC B: 220 -> 219
DEC B: 219 -> 218
DEC B: 218 -> 217
DEC B: 217 -> 216
DEC B: 216 -> 215
DEC B: 215 -> 214
DEC B: 214 -> 213
DEC B: 213 -> 212
DEC B: 212 -> 211
DEC B: 211 -> 210
DEC B: 210 -> 209
DEC B: 209 -> 208
DEC B: 208 -> 207
DEC B: 207 -> 206
DEC B: 206 -> 205
DEC B: 205 -> 204
DEC B: 204 -> 203
DEC B: 203 -> 202
DEC B: 202 -> 201
DEC B: 201 -> 200
DEC B: 200 -> 199
DEC B: 199 -> 198
DEC B: 198 -> 197
DEC B: 197 -> 196
DEC B: 196 -> 195
DEC B: 195 -> 194
DEC B: 194 -> 193
DEC B: 193 -> 192
DEC B: 192 -> 191
DEC B: 191 -> 190
DEC B: 190 -> 189
DEC B: 189 -> 188
DEC B: 188 -> 187
DEC B: 187 -> 186
DEC B: 186 -> 185
JR check: JR NZ,n=true, offset=-4, target=0x0214, inst=11000
DEC B: 185 -> 184
DEC B: 184 -> 183
DEC B: 183 -> 182
DEC B: 182 -> 181
DEC B: 181 -> 180
DEC B: 180 -> 179
DEC B: 179 -> 178
DEC B: 178 -> 177
DEC B: 177 -> 176
DEC B: 176 -> 175
DEC B: 175 -> 174
DEC B: 174 -> 173
DEC B: 173 -> 172
DEC B: 172 -> 171
DEC B: 171 -> 170
DEC B: 170 -> 169
DEC B: 169 -> 168
DEC B: 168 -> 167
DEC B: 167 -> 166
DEC B: 166 -> 165
DEC B: 165 -> 164
DEC B: 164 -> 163
DEC B: 163 -> 162
DEC B: 162 -> 161
DEC B: 161 -> 160
DEC B: 160 -> 159
DEC B: 159 -> 158
DEC B: 158 -> 157
DEC B: 157 -> 156
DEC B: 156 -> 155
DEC B: 155 -> 154
DEC B: 154 -> 153
DEC B: 153 -> 152
DEC B: 152 -> 151
DEC B: 151 -> 150
DEC B: 150 -> 149
DEC B: 149 -> 148
DEC B: 148 -> 147
DEC B: 147 -> 146
DEC B: 146 -> 145
DEC B: 145 -> 144
DEC B: 144 -> 143
DEC B: 143 -> 142
DEC B: 142 -> 141
DEC B: 141 -> 140
DEC B: 140 -> 139
DEC B: 139 -> 138
DEC B: 138 -> 137
DEC B: 137 -> 136
DEC B: 136 -> 135
DEC B: 135 -> 134
DEC B: 134 -> 133
DEC B: 133 -> 132
DEC B: 132 -> 131
DEC B: 131 -> 130
DEC B: 130 -> 129
DEC B: 129 -> 128
DEC B: 128 -> 127
DEC B: 127 -> 126
DEC B: 126 -> 125
DEC B: 125 -> 124
DEC B: 124 -> 123
DEC B: 123 -> 122
DEC B: 122 -> 121
DEC B: 121 -> 120
DEC B: 120 -> 119
DEC B: 119 -> 118
DEC B: 118 -> 117
DEC B: 117 -> 116
DEC B: 116 -> 115
DEC B: 115 -> 114
DEC B: 114 -> 113
DEC B: 113 -> 112
DEC B: 112 -> 111
DEC B: 111 -> 110
DEC B: 110 -> 109
DEC B: 109 -> 108
DEC B: 108 -> 107
DEC B: 107 -> 106
DEC B: 106 -> 105
DEC B: 105 -> 104
DEC B: 104 -> 103
DEC B: 103 -> 102
DEC B: 102 -> 101
DEC B: 101 -> 100
DEC B: 100 -> 99
DEC B: 99 -> 98
DEC B: 98 -> 97
DEC B: 97 -> 96
DEC B: 96 -> 95
DEC B: 95 -> 94
DEC B: 94 -> 93
DEC B: 93 -> 92
DEC B: 92 -> 91
DEC B: 91 -> 90
DEC B: 90 -> 89
DEC B: 89 -> 88
DEC B: 88 -> 87
DEC B: 87 -> 86
DEC B: 86 -> 85
JR check: JR NZ,n=true, offset=-4, target=0x0214, inst=11300
DEC B: 85 -> 84
DEC B: 84 -> 83
DEC B: 83 -> 82
DEC B: 82 -> 81
DEC B: 81 -> 80
DEC B: 80 -> 79
DEC B: 79 -> 78
DEC B: 78 -> 77
DEC B: 77 -> 76
DEC B: 76 -> 75
DEC B: 75 -> 74
DEC B: 74 -> 73
DEC B: 73 -> 72
DEC B: 72 -> 71
DEC B: 71 -> 70
DEC B: 70 -> 69
DEC B: 69 -> 68
DEC B: 68 -> 67
DEC B: 67 -> 66
DEC B: 66 -> 65
DEC B: 65 -> 64
DEC B: 64 -> 63
DEC B: 63 -> 62
DEC B: 62 -> 61
DEC B: 61 -> 60
DEC B: 60 -> 59
DEC B: 59 -> 58
DEC B: 58 -> 57
DEC B: 57 -> 56
DEC B: 56 -> 55
DEC B: 55 -> 54
DEC B: 54 -> 53
DEC B: 53 -> 52
DEC B: 52 -> 51
DEC B: 51 -> 50
DEC B: 50 -> 49
DEC B: 49 -> 48
DEC B: 48 -> 47
DEC B: 47 -> 46
DEC B: 46 -> 45
DEC B: 45 -> 44
DEC B: 44 -> 43
DEC B: 43 -> 42
DEC B: 42 -> 41
DEC B: 41 -> 40
DEC B: 40 -> 39
DEC B: 39 -> 38
DEC B: 38 -> 37
DEC B: 37 -> 36
DEC B: 36 -> 35
DEC B: 35 -> 34
DEC B: 34 -> 33
DEC B: 33 -> 32
DEC B: 32 -> 31
DEC B: 31 -> 30
DEC B: 30 -> 29
DEC B: 29 -> 28
DEC B: 28 -> 27
DEC B: 27 -> 26
DEC B: 26 -> 25
DEC B: 25 -> 24
DEC B: 24 -> 23
DEC B: 23 -> 22
DEC B: 22 -> 21
DEC B: 21 -> 20
DEC B: 20 -> 19
DEC B: 19 -> 18
DEC B: 18 -> 17
DEC B: 17 -> 16
DEC B: 16 -> 15
DEC B: 15 -> 14
DEC B: 14 -> 13
DEC B: 13 -> 12
DEC B: 12 -> 11
DEC B: 11 -> 10
DEC B: 10 -> 9
DEC B: 9 -> 8
DEC B: 8 -> 7
DEC B: 7 -> 6
DEC B: 6 -> 5
DEC B: 5 -> 4
DEC B: 4 -> 3
DEC B: 3 -> 2
DEC B: 2 -> 1
DEC B: 1 -> 0
JR check: JR NZ,n=false, offset=-4, target=0x0214, inst=11555
DEC C: 2 -> 1
DEC B: 0 -> 255
DEC B: 255 -> 254
DEC B: 254 -> 253
DEC B: 253 -> 252
DEC B: 252 -> 251
DEC B: 251 -> 250
DEC B: 250 -> 249
DEC B: 249 -> 248
DEC B: 248 -> 247
DEC B: 247 -> 246
DEC B: 246 -> 245
DEC B: 245 -> 244
DEC B: 244 -> 243
DEC B: 243 -> 242
DEC B: 242 -> 241
DEC B: 241 -> 240
DEC B: 240 -> 239
DEC B: 239 -> 238
DEC B: 238 -> 237
DEC B: 237 -> 236
DEC B: 236 -> 235
DEC B: 235 -> 234
DEC B: 234 -> 233
DEC B: 233 -> 232
DEC B: 232 -> 231
DEC B: 231 -> 230
DEC B: 230 -> 229
DEC B: 229 -> 228
DEC B: 228 -> 227
DEC B: 227 -> 226
DEC B: 226 -> 225
DEC B: 225 -> 224
DEC B: 224 -> 223
DEC B: 223 -> 222
DEC B: 222 -> 221
DEC B: 221 -> 220
DEC B: 220 -> 219
DEC B: 219 -> 218
DEC B: 218 -> 217
DEC B: 217 -> 216
DEC B: 216 -> 215
DEC B: 215 -> 214
DEC B: 214 -> 213
DEC B: 213 -> 212
DEC B: 212 -> 211
DEC B: 211 -> 210
DEC B: 210 -> 209
DEC B: 209 -> 208
DEC B: 208 -> 207
DEC B: 207 -> 206
DEC B: 206 -> 205
DEC B: 205 -> 204
DEC B: 204 -> 203
DEC B: 203 -> 202
DEC B: 202 -> 201
DEC B: 201 -> 200
DEC B: 200 -> 199
DEC B: 199 -> 198
DEC B: 198 -> 197
DEC B: 197 -> 196
DEC B: 196 -> 195
DEC B: 195 -> 194
DEC B: 194 -> 193
DEC B: 193 -> 192
DEC B: 192 -> 191
DEC B: 191 -> 190
DEC B: 190 -> 189
DEC B: 189 -> 188
DEC B: 188 -> 187
DEC B: 187 -> 186
DEC B: 186 -> 185
DEC B: 185 -> 184
DEC B: 184 -> 183
DEC B: 183 -> 182
DEC B: 182 -> 181
DEC B: 181 -> 180
DEC B: 180 -> 179
DEC B: 179 -> 178
DEC B: 178 -> 177
DEC B: 177 -> 176
DEC B: 176 -> 175
JR check: JR NZ,n=true, offset=-4, target=0x0214, inst=11800
DEC B: 175 -> 174
DEC B: 174 -> 173
DEC B: 173 -> 172
DEC B: 172 -> 171
DEC B: 171 -> 170
DEC B: 170 -> 169
DEC B: 169 -> 168
DEC B: 168 -> 167
DEC B: 167 -> 166
DEC B: 166 -> 165
DEC B: 165 -> 164
DEC B: 164 -> 163
DEC B: 163 -> 162
DEC B: 162 -> 161
DEC B: 161 -> 160
DEC B: 160 -> 159
DEC B: 159 -> 158
DEC B: 158 -> 157
DEC B: 157 -> 156
DEC B: 156 -> 155
DEC B: 155 -> 154
DEC B: 154 -> 153
DEC B: 153 -> 152
DEC B: 152 -> 151
DEC B: 151 -> 150
DEC B: 150 -> 149
DEC B: 149 -> 148
DEC B: 148 -> 147
DEC B: 147 -> 146
DEC B: 146 -> 145
DEC B: 145 -> 144
DEC B: 144 -> 143
DEC B: 143 -> 142
DEC B: 142 -> 141
DEC B: 141 -> 140
DEC B: 140 -> 139
DEC B: 139 -> 138
DEC B: 138 -> 137
DEC B: 137 -> 136
DEC B: 136 -> 135
DEC B: 135 -> 134
DEC B: 134 -> 133
DEC B: 133 -> 132
DEC B: 132 -> 131
DEC B: 131 -> 130
DEC B: 130 -> 129
DEC B: 129 -> 128
DEC B: 128 -> 127
DEC B: 127 -> 126
DEC B: 126 -> 125
DEC B: 125 -> 124
DEC B: 124 -> 123
DEC B: 123 -> 122
DEC B: 122 -> 121
DEC B: 121 -> 120
DEC B: 120 -> 119
DEC B: 119 -> 118
DEC B: 118 -> 117
DEC B: 117 -> 116
DEC B: 116 -> 115
DEC B: 115 -> 114
DEC B: 114 -> 113
DEC B: 113 -> 112
DEC B: 112 -> 111
DEC B: 111 -> 110
DEC B: 110 -> 109
DEC B: 109 -> 108
DEC B: 108 -> 107
DEC B: 107 -> 106
DEC B: 106 -> 105
DEC B: 105 -> 104
DEC B: 104 -> 103
DEC B: 103 -> 102
DEC B: 102 -> 101
DEC B: 101 -> 100
DEC B: 100 -> 99
DEC B: 99 -> 98
DEC B: 98 -> 97
DEC B: 97 -> 96
DEC B: 96 -> 95
DEC B: 95 -> 94
DEC B: 94 -> 93
DEC B: 93 -> 92
DEC B: 92 -> 91
DEC B: 91 -> 90
DEC B: 90 -> 89
DEC B: 89 -> 88
DEC B: 88 -> 87
DEC B: 87 -> 86
DEC B: 86 -> 85
DEC B: 85 -> 84
DEC B: 84 -> 83
DEC B: 83 -> 82
DEC B: 82 -> 81
DEC B: 81 -> 80
DEC B: 80 -> 79
DEC B: 79 -> 78
DEC B: 78 -> 77
DEC B: 77 -> 76
DEC B: 76 -> 75
JR check: JR NZ,n=true, offset=-4, target=0x0214, inst=12100
DEC B: 75 -> 74
DEC B: 74 -> 73
DEC B: 73 -> 72
DEC B: 72 -> 71
DEC B: 71 -> 70
DEC B: 70 -> 69
DEC B: 69 -> 68
DEC B: 68 -> 67
DEC B: 67 -> 66
DEC B: 66 -> 65
DEC B: 65 -> 64
DEC B: 64 -> 63
DEC B: 63 -> 62
DEC B: 62 -> 61
DEC B: 61 -> 60
DEC B: 60 -> 59
DEC B: 59 -> 58
DEC B: 58 -> 57
DEC B: 57 -> 56
DEC B: 56 -> 55
DEC B: 55 -> 54
DEC B: 54 -> 53
DEC B: 53 -> 52
DEC B: 52 -> 51
DEC B: 51 -> 50
DEC B: 50 -> 49
DEC B: 49 -> 48
DEC B: 48 -> 47
DEC B: 47 -> 46
DEC B: 46 -> 45
DEC B: 45 -> 44
DEC B: 44 -> 43
DEC B: 43 -> 42
DEC B: 42 -> 41
DEC B: 41 -> 40
DEC B: 40 -> 39
DEC B: 39 -> 38
DEC B: 38 -> 37
DEC B: 37 -> 36
DEC B: 36 -> 35
DEC B: 35 -> 34
DEC B: 34 -> 33
DEC B: 33 -> 32
DEC B: 32 -> 31
DEC B: 31 -> 30
DEC B: 30 -> 29
DEC B: 29 -> 28
DEC B: 28 -> 27
DEC B: 27 -> 26
DEC B: 26 -> 25
DEC B: 25 -> 24
DEC B: 24 -> 23
DEC B: 23 -> 22
DEC B: 22 -> 21
DEC B: 21 -> 20
DEC B: 20 -> 19
DEC B: 19 -> 18
DEC B: 18 -> 17
DEC B: 17 -> 16
DEC B: 16 -> 15
DEC B: 15 -> 14
DEC B: 14 -> 13
DEC B: 13 -> 12
DEC B: 12 -> 11
DEC B: 11 -> 10
DEC B: 10 -> 9
DEC B: 9 -> 8
DEC B: 8 -> 7
DEC B: 7 -> 6
DEC B: 6 -> 5
DEC B: 5 -> 4
DEC B: 4 -> 3
DEC B: 3 -> 2
DEC B: 2 -> 1
DEC B: 1 -> 0
JR check: JR NZ,n=false, offset=-4, target=0x0214, inst=12325
DEC C: 1 -> 0
JR check: JR NZ,n=false, offset=-7, target=0x0214, inst=12327
JR check: JR NZ,n=true, offset=-6, target=0x0233, inst=12400
JR check: JR NZ,n=true, offset=-6, target=0x0233, inst=12700
JR check: JR NZ,n=true, offset=-6, target=0x0233, inst=13000
JR check: JR NZ,n=true, offset=-6, target=0x0233, inst=13300
JR check: JR NZ,n=true, offset=-6, target=0x0233, inst=13600
JR check: JR NZ,n=true, offset=-6, target=0x0233, inst=13900
JR check: JR NZ,n=true, offset=-6, target=0x0233, inst=14200
JR check: JR NZ,n=true, offset=-6, target=0x0233, inst=14500
JR check: JR NZ,n=true, offset=-6, target=0x0233, inst=14800
JR check: JR NZ,n=true, offset=-6, target=0x0233, inst=15100
JR check: JR NZ,n=true, offset=-6, target=0x0233, inst=15400
JR check: JR NZ,n=true, offset=-6, target=0x0233, inst=15700
JR check: JR NZ,n=true, offset=-6, target=0x0233, inst=16000
JR check: JR NZ,n=true, offset=-6, target=0x0233, inst=16300
JR check: JR NZ,n=true, offset=-6, target=0x0233, inst=16600
JR check: JR NZ,n=true, offset=-6, target=0x0233, inst=16900
JR check: JR NZ,n=true, offset=-6, target=0x0233, inst=17200
JR check: JR NZ,n=true, offset=-6, target=0x0233, inst=17500
JR check: JR NZ,n=true, offset=-6, target=0x0233, inst=17800
JR check: JR NZ,n=true, offset=-6, target=0x0233, inst=18100
JR check: JR NZ,n=true, offset=-6, target=0x0233, inst=18400
JR check: JR NZ,n=true, offset=-6, target=0x0233, inst=18700
JR check: JR NZ,n=true, offset=-6, target=0x0233, inst=19000
JR check: JR NZ,n=true, offset=-6, target=0x0233, inst=19300
JR check: JR NZ,n=true, offset=-6, target=0x0233, inst=19600
JR check: JR NZ,n=true, offset=-6, target=0x0233, inst=19900
JR check: JR NZ,n=true, offset=-6, target=0x0233, inst=20200
JR check: JR NZ,n=true, offset=-6, target=0x0233, inst=20500
JR check: JR NZ,n=true, offset=-6, target=0x0233, inst=20800
JR check: JR NZ,n=true, offset=-6, target=0x0233, inst=21100
JR check: JR NZ,n=true, offset=-6, target=0x0233, inst=21400
JR check: JR NZ,n=true, offset=-6, target=0x0233, inst=21700
JR check: JR NZ,n=true, offset=-6, target=0x0233, inst=22000
JR check: JR NZ,n=true, offset=-6, target=0x0233, inst=22300
JR check: JR NZ,n=true, offset=-6, target=0x0233, inst=22600
JR check: JR NZ,n=true, offset=-6, target=0x0233, inst=22900
JR check: JR NZ,n=true, offset=-6, target=0x0233, inst=23200
JR check: JR NZ,n=true, offset=-6, target=0x0233, inst=23500
JR check: JR NZ,n=true, offset=-6, target=0x0233, inst=23800
JR check: JR NZ,n=true, offset=-6, target=0x0233, inst=24100
JR check: JR NZ,n=true, offset=-6, target=0x0233, inst=24400
JR check: JR NZ,n=true, offset=-6, target=0x0233, inst=24700
JR check: JR NZ,n=true, offset=-6, target=0x0233, inst=25000
JR check: JR NZ,n=true, offset=-6, target=0x0233, inst=25300
JR check: JR NZ,n=true, offset=-6, target=0x0233, inst=25600
JR check: JR NZ,n=true, offset=-6, target=0x0233, inst=25900
JR check: JR NZ,n=true, offset=-6, target=0x0233, inst=26200
JR check: JR NZ,n=true, offset=-6, target=0x0233, inst=26500
JR check: JR NZ,n=true, offset=-6, target=0x0233, inst=26800
JR check: JR NZ,n=true, offset=-6, target=0x0233, inst=27100
JR check: JR NZ,n=true, offset=-6, target=0x0233, inst=27400
JR check: JR NZ,n=true, offset=-6, target=0x0233, inst=27700
JR check: JR NZ,n=true, offset=-6, target=0x0233, inst=28000
JR check: JR NZ,n=true, offset=-6, target=0x0233, inst=28300
JR check: JR NZ,n=true, offset=-6, target=0x0233, inst=28600
JR check: JR NZ,n=true, offset=-6, target=0x0233, inst=28900
JR check: JR NZ,n=true, offset=-6, target=0x0233, inst=29200
JR check: JR NZ,n=true, offset=-6, target=0x0233, inst=29500
JR check: JR NZ,n=true, offset=-6, target=0x0233, inst=29800
JR check: JR NZ,n=true, offset=-6, target=0x0233, inst=30100
JR check: JR NZ,n=true, offset=-6, target=0x0233, inst=30400
JR check: JR NZ,n=true, offset=-6, target=0x0233, inst=30700
JR check: JR NZ,n=true, offset=-6, target=0x0233, inst=31000
JR check: JR NZ,n=true, offset=-6, target=0x0233, inst=31300
JR check: JR NZ,n=true, offset=-6, target=0x0233, inst=31600
JR check: JR NZ,n=true, offset=-6, target=0x0233, inst=31900
JR check: JR NZ,n=true, offset=-6, target=0x0233, inst=32200
JR check: JR NZ,n=true, offset=-6, target=0x0233, inst=32500
JR check: JR NZ,n=true, offset=-6, target=0x0233, inst=32800
JR check: JR NZ,n=true, offset=-6, target=0x0233, inst=33100
JR check: JR NZ,n=true, offset=-6, target=0x0233, inst=33400
JR check: JR NZ,n=true, offset=-6, target=0x0233, inst=33700
JR check: JR NZ,n=true, offset=-6, target=0x0233, inst=34000
JR check: JR NZ,n=true, offset=-6, target=0x0233, inst=34300
JR check: JR NZ,n=true, offset=-6, target=0x0233, inst=34600
JR check: JR NZ,n=true, offset=-6, target=0x0233, inst=34900
JR check: JR NZ,n=true, offset=-6, target=0x0233, inst=35200
JR check: JR NZ,n=true, offset=-6, target=0x0233, inst=35500
JR check: JR NZ,n=true, offset=-6, target=0x0233, inst=35800
JR check: JR NZ,n=true, offset=-6, target=0x0233, inst=36100
JR check: JR NZ,n=true, offset=-6, target=0x0233, inst=36400
JR check: JR NZ,n=true, offset=-6, target=0x0233, inst=36700
JR check: JR NZ,n=true, offset=-6, target=0x0233, inst=37000
JR check: JR NZ,n=true, offset=-6, target=0x0233, inst=37300
JR check: JR NZ,n=true, offset=-6, target=0x0233, inst=37600
JR check: JR NZ,n=true, offset=-6, target=0x0233, inst=37900
JR check: JR NZ,n=true, offset=-6, target=0x0233, inst=38200
JR check: JR NZ,n=true, offset=-6, target=0x0233, inst=38500
JR check: JR NZ,n=true, offset=-6, target=0x0233, inst=38800
JR check: JR NZ,n=true, offset=-6, target=0x0233, inst=39100
JR check: JR NZ,n=true, offset=-6, target=0x0233, inst=39400
JR check: JR NZ,n=true, offset=-6, target=0x0233, inst=39700
JR check: JR NZ,n=true, offset=-6, target=0x0233, inst=40000
JR check: JR NZ,n=true, offset=-6, target=0x0233, inst=40300
JR check: JR NZ,n=true, offset=-6, target=0x0233, inst=40600
JR check: JR NZ,n=true, offset=-6, target=0x0233, inst=40900
JR check: JR NZ,n=true, offset=-6, target=0x0233, inst=41200
JR check: JR NZ,n=true, offset=-6, target=0x0233, inst=41500
JR check: JR NZ,n=true, offset=-6, target=0x0233, inst=41800
JR check: JR NZ,n=true, offset=-6, target=0x0233, inst=42100
JR check: JR NZ,n=true, offset=-6, target=0x0233, inst=42400
JR check: JR NZ,n=true, offset=-6, target=0x0233, inst=42700
JR check: JR NZ,n=true, offset=-6, target=0x0233, inst=43000
JR check: JR NZ,n=true, offset=-6, target=0x0233, inst=43300
JR check: JR NZ,n=true, offset=-6, target=0x0233, inst=43600
JR check: JR NZ,n=true, offset=-6, target=0x0233, inst=43900
JR check: JR NZ,n=true, offset=-6, target=0x0233, inst=44200
JR check: JR NZ,n=true, offset=-6, target=0x0233, inst=44500
JR check: JR NZ,n=true, offset=-6, target=0x0233, inst=44800
JR check: JR NZ,n=true, offset=-6, target=0x0233, inst=45100
JR check: JR NZ,n=true, offset=-6, target=0x0233, inst=45400
JR check: JR NZ,n=true, offset=-6, target=0x0233, inst=45700
JR check: JR NZ,n=true, offset=-6, target=0x0233, inst=46000
JR check: JR NZ,n=true, offset=-6, target=0x0233, inst=46300
JR check: JR NZ,n=true, offset=-6, target=0x0233, inst=46600
JR check: JR NZ,n=true, offset=-6, target=0x0233, inst=46900
JR check: JR NZ,n=true, offset=-6, target=0x0233, inst=47200
JR check: JR NZ,n=true, offset=-6, target=0x0233, inst=47500
JR check: JR NZ,n=true, offset=-6, target=0x0233, inst=47800
JR check: JR NZ,n=true, offset=-6, target=0x0233, inst=48100
JR check: JR NZ,n=true, offset=-6, target=0x0233, inst=48400
JR check: JR NZ,n=true, offset=-6, target=0x0233, inst=48700
JR check: JR NZ,n=true, offset=-6, target=0x0233, inst=49000
JR check: JR NZ,n=true, offset=-6, target=0x0233, inst=49300
JR check: JR NZ,n=true, offset=-6, target=0x0233, inst=49600
JR check: JR NZ,n=true, offset=-6, target=0x0233, inst=49900
JR check: JR NZ,n=true, offset=-6, target=0x0233, inst=50200
JR check: JR NZ,n=true, offset=-6, target=0x0233, inst=50500
JR check: JR NZ,n=true, offset=-6, target=0x0233, inst=50800
JR check: JR NZ,n=true, offset=-6, target=0x0233, inst=51100
JR check: JR NZ,n=true, offset=-6, target=0x0233, inst=51400
JR check: JR NZ,n=true, offset=-6, target=0x0233, inst=51700
JR check: JR NZ,n=true, offset=-6, target=0x0233, inst=52000
JR check: JR NZ,n=true, offset=-6, target=0x0233, inst=52300
JR check: JR NZ,n=true, offset=-6, target=0x0233, inst=52600
JR check: JR NZ,n=true, offset=-6, target=0x0233, inst=52900
JR check: JR NZ,n=true, offset=-6, target=0x0233, inst=53200
JR check: JR NZ,n=true, offset=-6, target=0x0233, inst=53500
JR check: JR NZ,n=true, offset=-6, target=0x0233, inst=53800
JR check: JR NZ,n=true, offset=-6, target=0x0233, inst=54100
JR check: JR NZ,n=true, offset=-6, target=0x0233, inst=54400
JR check: JR NZ,n=true, offset=-6, target=0x0233, inst=54700
JR check: JR NZ,n=true, offset=-6, target=0x0233, inst=55000
JR check: JR NZ,n=true, offset=-6, target=0x0233, inst=55300
JR check: JR NZ,n=true, offset=-6, target=0x0233, inst=55600
JR check: JR NZ,n=true, offset=-6, target=0x0233, inst=55900
JR check: JR NZ,n=true, offset=-6, target=0x0233, inst=56200
JR check: JR NZ,n=true, offset=-6, target=0x0233, inst=56500
JR check: JR NZ,n=true, offset=-6, target=0x0233, inst=56800
JR check: JR NZ,n=true, offset=-6, target=0x0233, inst=57100
JR check: JR NZ,n=true, offset=-6, target=0x0233, inst=57400
JR check: JR NZ,n=true, offset=-6, target=0x0233, inst=57700
JR check: JR NZ,n=true, offset=-6, target=0x0233, inst=58000
JR check: JR NZ,n=true, offset=-6, target=0x0233, inst=58300
JR check: JR NZ,n=true, offset=-6, target=0x0233, inst=58600
JR check: JR NZ,n=true, offset=-6, target=0x0233, inst=58900
JR check: JR NZ,n=true, offset=-6, target=0x0233, inst=59200
JR check: JR NZ,n=true, offset=-6, target=0x0233, inst=59500
JR check: JR NZ,n=true, offset=-6, target=0x0233, inst=59800
JR check: JR NZ,n=true, offset=-6, target=0x0233, inst=60100
JR check: JR NZ,n=true, offset=-6, target=0x0233, inst=60400
JR check: JR NZ,n=true, offset=-6, target=0x0233, inst=60700
JR check: JR NZ,n=true, offset=-6, target=0x0233, inst=61000
JR check: JR NZ,n=true, offset=-6, target=0x0233, inst=61300
JR check: JR NZ,n=true, offset=-6, target=0x0233, inst=61600
JR check: JR NZ,n=true, offset=-6, target=0x0233, inst=61900
JR check: JR NZ,n=true, offset=-6, target=0x0233, inst=62200
JR check: JR NZ,n=true, offset=-6, target=0x0233, inst=62500
JR check: JR NZ,n=true, offset=-6, target=0x0233, inst=62800
JR check: JR NZ,n=true, offset=-6, target=0x0233, inst=63100
JR check: JR NZ,n=true, offset=-6, target=0x0233, inst=63400
JR check: JR NZ,n=true, offset=-6, target=0x0233, inst=63700
JR check: JR NZ,n=true, offset=-6, target=0x0233, inst=64000
JR check: JR NZ,n=true, offset=-6, target=0x0233, inst=64300
JR check: JR NZ,n=true, offset=-6, target=0x0233, inst=64600
JR check: JR NZ,n=true, offset=-6, target=0x0233, inst=64900
JR check: JR NZ,n=true, offset=-6, target=0x0233, inst=65200
JR check: JR NZ,n=true, offset=-6, target=0x0233, inst=65500
JR check: JR NZ,n=true, offset=-6, target=0x0233, inst=65800
JR check: JR NZ,n=true, offset=-6, target=0x0233, inst=66100
JR check: JR NZ,n=true, offset=-6, target=0x0233, inst=66400
JR check: JR NZ,n=true, offset=-6, target=0x0233, inst=66700
JR check: JR NZ,n=true, offset=-6, target=0x0233, inst=67000
JR check: JR NZ,n=true, offset=-6, target=0x0233, inst=67300
JR check: JR NZ,n=true, offset=-6, target=0x0233, inst=67600
JR check: JR NZ,n=true, offset=-6, target=0x0233, inst=67900
JR check: JR NZ,n=true, offset=-6, target=0x0233, inst=68200
JR check: JR NZ,n=true, offset=-6, target=0x0233, inst=68500
JR check: JR NZ,n=true, offset=-6, target=0x0233, inst=68800
JR check: JR NZ,n=true, offset=-6, target=0x0233, inst=69100
JR check: JR NZ,n=true, offset=-6, target=0x0233, inst=69400
JR check: JR NZ,n=true, offset=-6, target=0x0233, inst=69700
JR check: JR NZ,n=true, offset=-6, target=0x0233, inst=70000
JR check: JR NZ,n=true, offset=-6, target=0x0233, inst=70300
JR check: JR NZ,n=true, offset=-6, target=0x0233, inst=70600
JR check: JR NZ,n=true, offset=-6, target=0x0233, inst=70900
JR check: JR NZ,n=true, offset=-6, target=0x0233, inst=71200
JR check: JR NZ,n=true, offset=-6, target=0x0233, inst=71500
JR check: JR NZ,n=true, offset=-6, target=0x0233, inst=71800
JR check: JR NZ,n=true, offset=-6, target=0x0233, inst=72100
JR check: JR NZ,n=true, offset=-6, target=0x0233, inst=72400
JR check: JR NZ,n=true, offset=-6, target=0x0233, inst=72700
JR check: JR NZ,n=true, offset=-6, target=0x0233, inst=73000
JR check: JR NZ,n=true, offset=-6, target=0x0233, inst=73300
JR check: JR NZ,n=true, offset=-6, target=0x0233, inst=73600
JR check: JR NZ,n=true, offset=-6, target=0x0233, inst=73900
JR check: JR NZ,n=true, offset=-6, target=0x0233, inst=74200
JR check: JR NZ,n=true, offset=-6, target=0x0233, inst=74500
JR check: JR NZ,n=true, offset=-6, target=0x0233, inst=74800
JR check: JR NZ,n=true, offset=-6, target=0x0233, inst=75100
JR check: JR NZ,n=true, offset=-6, target=0x0233, inst=75400
JR check: JR NZ,n=true, offset=-6, target=0x0233, inst=75700
JR check: JR NZ,n=true, offset=-6, target=0x0233, inst=76000
JR check: JR NZ,n=true, offset=-6, target=0x0233, inst=76300
JR check: JR NZ,n=true, offset=-6, target=0x0233, inst=76600
JR check: JR NZ,n=true, offset=-6, target=0x0233, inst=76900
JR check: JR NZ,n=true, offset=-6, target=0x0233, inst=77200
JR check: JR NZ,n=true, offset=-6, target=0x0233, inst=77500
JR check: JR NZ,n=true, offset=-6, target=0x0233, inst=77800
JR check: JR NZ,n=true, offset=-6, target=0x0233, inst=78100
JR check: JR NZ,n=true, offset=-6, target=0x0233, inst=78400
JR check: JR NZ,n=true, offset=-6, target=0x0233, inst=78700
JR check: JR NZ,n=true, offset=-6, target=0x0233, inst=79000
JR check: JR NZ,n=true, offset=-6, target=0x0233, inst=79300
JR check: JR NZ,n=true, offset=-6, target=0x0233, inst=79600
JR check: JR NZ,n=true, offset=-6, target=0x0233, inst=79900
JR check: JR NZ,n=true, offset=-6, target=0x0233, inst=80200
JR check: JR NZ,n=true, offset=-6, target=0x0233, inst=80500
JR check: JR NZ,n=true, offset=-6, target=0x0233, inst=80800
JR check: JR NZ,n=true, offset=-6, target=0x0233, inst=81100
JR check: JR NZ,n=true, offset=-6, target=0x0233, inst=81400
JR check: JR NZ,n=true, offset=-6, target=0x0233, inst=81700
JR check: JR NZ,n=true, offset=-6, target=0x0233, inst=82000
JR check: JR NZ,n=true, offset=-6, target=0x0233, inst=82300
JR check: JR NZ,n=true, offset=-6, target=0x0233, inst=82600
JR check: JR NZ,n=true, offset=-6, target=0x0233, inst=82900
JR check: JR NZ,n=true, offset=-6, target=0x0233, inst=83200
JR check: JR NZ,n=true, offset=-6, target=0x0233, inst=83500
JR check: JR NZ,n=true, offset=-6, target=0x0233, inst=83800
JR check: JR NZ,n=true, offset=-6, target=0x0233, inst=84100
JR check: JR NZ,n=true, offset=-6, target=0x0233, inst=84400
JR check: JR NZ,n=true, offset=-6, target=0x0233, inst=84700
JR check: JR NZ,n=true, offset=-6, target=0x0233, inst=85000
JR check: JR NZ,n=true, offset=-6, target=0x0233, inst=85300
JR check: JR NZ,n=true, offset=-6, target=0x0233, inst=85600
JR check: JR NZ,n=true, offset=-6, target=0x0233, inst=85900
JR check: JR NZ,n=true, offset=-6, target=0x0233, inst=86200
JR check: JR NZ,n=true, offset=-6, target=0x0233, inst=86500
JR check: JR NZ,n=true, offset=-6, target=0x0233, inst=86800
JR check: JR NZ,n=true, offset=-6, target=0x0233, inst=87100
JR check: JR NZ,n=true, offset=-6, target=0x0233, inst=87400
JR check: JR NZ,n=true, offset=-6, target=0x0233, inst=87700
JR check: JR NZ,n=true, offset=-6, target=0x0233, inst=88000
JR check: JR NZ,n=true, offset=-6, target=0x0233, inst=88300
JR check: JR NZ,n=true, offset=-6, target=0x0233, inst=88600
JR check: JR NZ,n=true, offset=-6, target=0x0233, inst=88900
JR check: JR NZ,n=true, offset=-6, target=0x0233, inst=89200
JR check: JR NZ,n=true, offset=-6, target=0x0233, inst=89500
JR check: JR NZ,n=true, offset=-6, target=0x0233, inst=89800
JR check: JR NZ,n=true, offset=-6, target=0x0233, inst=90100
JR check: JR NZ,n=true, offset=-6, target=0x0233, inst=90400
JR check: JR NZ,n=true, offset=-6, target=0x0233, inst=90700
JR check: JR NZ,n=true, offset=-6, target=0x0233, inst=91000
JR check: JR NZ,n=true, offset=-6, target=0x0233, inst=91300
JR check: JR NZ,n=true, offset=-6, target=0x0233, inst=91600
JR check: JR NZ,n=true, offset=-6, target=0x0233, inst=91900
JR check: JR NZ,n=true, offset=-6, target=0x0233, inst=92200
JR check: JR NZ,n=true, offset=-6, target=0x0233, inst=92500
JR check: JR NZ,n=true, offset=-6, target=0x0233, inst=92800
JR check: JR NZ,n=true, offset=-6, target=0x0233, inst=93100
JR check: JR NZ,n=true, offset=-6, target=0x0233, inst=93400
JR check: JR NZ,n=true, offset=-6, target=0x0233, inst=93700
JR check: JR NZ,n=true, offset=-6, target=0x0233, inst=94000
JR check: JR NZ,n=true, offset=-6, target=0x0233, inst=94300
JR check: JR NZ,n=true, offset=-6, target=0x0233, inst=94600
JR check: JR NZ,n=true, offset=-6, target=0x0233, inst=94900
