
=== 硬體寄存器初始化 (2025-06-20 23:29:52.196118400 +08:00) ===
中斷控制:
  IE (0xFFFF) = 0x00 (禁用所有中斷)
  IF (0xFF0F) = 0xE0 (清除所有中斷標誌)

LCD 控制:
  LCDC (0xFF40) = 0x91 (LCD開啟,BG開啟,8x8精靈)
  STAT (0xFF41) = 0x85 (Mode 2, LYC=LY中斷)
  SCY  (0xFF42) = 0x00 (背景Y=0)
  SCX  (0xFF43) = 0x00 (背景X=0)
  LYC  (0xFF45) = 0x00 (比較值=0)

調色板:
  BGP  (0xFF47) = 0xFC (背景調色板)
  OBP0 (0xFF48) = 0xFF (精靈調色板0)
  OBP1 (0xFF49) = 0xFF (精靈調色板1)

視窗位置:
  WY   (0xFF4A) = 0x00 (視窗Y=0)
  WX   (0xFF4B) = 0x00 (視窗X=0)

=== 硬體寄存器初始化 (2025-06-20 23:30:03.686606100 +08:00) ===
中斷控制:
  IE (0xFFFF) = 0x00 (禁用所有中斷)
  IF (0xFF0F) = 0xE0 (清除所有中斷標誌)

LCD 控制:
  LCDC (0xFF40) = 0x91 (LCD開啟,BG開啟,8x8精靈)
  STAT (0xFF41) = 0x85 (Mode 2, LYC=LY中斷)
  SCY  (0xFF42) = 0x00 (背景Y=0)
  SCX  (0xFF43) = 0x00 (背景X=0)
  LYC  (0xFF45) = 0x00 (比較值=0)

調色板:
  BGP  (0xFF47) = 0xFC (背景調色板)
  OBP0 (0xFF48) = 0xFF (精靈調色板0)
  OBP1 (0xFF49) = 0xFF (精靈調色板1)

視窗位置:
  WY   (0xFF4A) = 0x00 (視窗Y=0)
  WX   (0xFF4B) = 0x00 (視窗X=0)

=== 硬體寄存器初始化 (2025-06-20 23:36:43.256387400 +08:00) ===
中斷控制:
  IE (0xFFFF) = 0x00 (禁用所有中斷)
  IF (0xFF0F) = 0xE0 (清除所有中斷標誌)

LCD 控制:
  LCDC (0xFF40) = 0x91 (LCD開啟,BG開啟,8x8精靈)
  STAT (0xFF41) = 0x85 (Mode 2, LYC=LY中斷)
  SCY  (0xFF42) = 0x00 (背景Y=0)
  SCX  (0xFF43) = 0x00 (背景X=0)
  LYC  (0xFF45) = 0x00 (比較值=0)

調色板:
  BGP  (0xFF47) = 0xFC (背景調色板)
  OBP0 (0xFF48) = 0xFF (精靈調色板0)
  OBP1 (0xFF49) = 0xFF (精靈調色板1)

視窗位置:
  WY   (0xFF4A) = 0x00 (視窗Y=0)
  WX   (0xFF4B) = 0x00 (視窗X=0)

=== 硬體寄存器初始化 (2025-06-20 23:37:08.718508700 +08:00) ===
中斷控制:
  IE (0xFFFF) = 0x00 (禁用所有中斷)
  IF (0xFF0F) = 0xE0 (清除所有中斷標誌)

LCD 控制:
  LCDC (0xFF40) = 0x91 (LCD開啟,BG開啟,8x8精靈)
  STAT (0xFF41) = 0x85 (Mode 2, LYC=LY中斷)
  SCY  (0xFF42) = 0x00 (背景Y=0)
  SCX  (0xFF43) = 0x00 (背景X=0)
  LYC  (0xFF45) = 0x00 (比較值=0)

調色板:
  BGP  (0xFF47) = 0xFC (背景調色板)
  OBP0 (0xFF48) = 0xFF (精靈調色板0)
  OBP1 (0xFF49) = 0xFF (精靈調色板1)

視窗位置:
  WY   (0xFF4A) = 0x00 (視窗Y=0)
  WX   (0xFF4B) = 0x00 (視窗X=0)

=== 硬體寄存器初始化 (2025-06-20 23:39:02.210271600 +08:00) ===
中斷控制:
  IE (0xFFFF) = 0x00 (禁用所有中斷)
  IF (0xFF0F) = 0xE0 (清除所有中斷標誌)

LCD 控制:
  LCDC (0xFF40) = 0x91 (LCD開啟,BG開啟,8x8精靈)
  STAT (0xFF41) = 0x85 (Mode 2, LYC=LY中斷)
  SCY  (0xFF42) = 0x00 (背景Y=0)
  SCX  (0xFF43) = 0x00 (背景X=0)
  LYC  (0xFF45) = 0x00 (比較值=0)

調色板:
  BGP  (0xFF47) = 0xFC (背景調色板)
  OBP0 (0xFF48) = 0xFF (精靈調色板0)
  OBP1 (0xFF49) = 0xFF (精靈調色板1)

視窗位置:
  WY   (0xFF4A) = 0x00 (視窗Y=0)
  WX   (0xFF4B) = 0x00 (視窗X=0)

=== 硬體寄存器初始化 (2025-06-20 23:40:09.718264200 +08:00) ===
中斷控制:
  IE (0xFFFF) = 0x00 (禁用所有中斷)
  IF (0xFF0F) = 0xE0 (清除所有中斷標誌)

LCD 控制:
  LCDC (0xFF40) = 0x91 (LCD開啟,BG開啟,8x8精靈)
  STAT (0xFF41) = 0x85 (Mode 2, LYC=LY中斷)
  SCY  (0xFF42) = 0x00 (背景Y=0)
  SCX  (0xFF43) = 0x00 (背景X=0)
  LYC  (0xFF45) = 0x00 (比較值=0)

調色板:
  BGP  (0xFF47) = 0xFC (背景調色板)
  OBP0 (0xFF48) = 0xFF (精靈調色板0)
  OBP1 (0xFF49) = 0xFF (精靈調色板1)

視窗位置:
  WY   (0xFF4A) = 0x00 (視窗Y=0)
  WX   (0xFF4B) = 0x00 (視窗X=0)

=== 硬體寄存器初始化 (2025-06-20 23:46:27.890872800 +08:00) ===
中斷控制:
  IE (0xFFFF) = 0x00 (禁用所有中斷)
  IF (0xFF0F) = 0xE0 (清除所有中斷標誌)

LCD 控制:
  LCDC (0xFF40) = 0x91 (LCD開啟,BG開啟,8x8精靈)
  STAT (0xFF41) = 0x85 (Mode 2, LYC=LY中斷)
  SCY  (0xFF42) = 0x00 (背景Y=0)
  SCX  (0xFF43) = 0x00 (背景X=0)
  LYC  (0xFF45) = 0x00 (比較值=0)

調色板:
  BGP  (0xFF47) = 0xFC (背景調色板)
  OBP0 (0xFF48) = 0xFF (精靈調色板0)
  OBP1 (0xFF49) = 0xFF (精靈調色板1)

視窗位置:
  WY   (0xFF4A) = 0x00 (視窗Y=0)
  WX   (0xFF4B) = 0x00 (視窗X=0)

=== 硬體寄存器初始化 (2025-06-20 23:59:46.034981700 +08:00) ===
中斷控制:
  IE (0xFFFF) = 0x00 (禁用所有中斷)
  IF (0xFF0F) = 0xE0 (清除所有中斷標誌)

LCD 控制:
  LCDC (0xFF40) = 0x91 (LCD開啟,BG開啟,8x8精靈)
  STAT (0xFF41) = 0x85 (Mode 2, LYC=LY中斷)
  SCY  (0xFF42) = 0x00 (背景Y=0)
  SCX  (0xFF43) = 0x00 (背景X=0)
  LYC  (0xFF45) = 0x00 (比較值=0)

調色板:
  BGP  (0xFF47) = 0xFC (背景調色板)
  OBP0 (0xFF48) = 0xFF (精靈調色板0)
  OBP1 (0xFF49) = 0xFF (精靈調色板1)

視窗位置:
  WY   (0xFF4A) = 0x00 (視窗Y=0)
  WX   (0xFF4B) = 0x00 (視窗X=0)

=== 硬體寄存器初始化 (2025-06-21 00:02:21.473000200 +08:00) ===
中斷控制:
  IE (0xFFFF) = 0x00 (禁用所有中斷)
  IF (0xFF0F) = 0xE0 (清除所有中斷標誌)

LCD 控制:
  LCDC (0xFF40) = 0x91 (LCD開啟,BG開啟,8x8精靈)
  STAT (0xFF41) = 0x85 (Mode 2, LYC=LY中斷)
  SCY  (0xFF42) = 0x00 (背景Y=0)
  SCX  (0xFF43) = 0x00 (背景X=0)
  LYC  (0xFF45) = 0x00 (比較值=0)

調色板:
  BGP  (0xFF47) = 0xFC (背景調色板)
  OBP0 (0xFF48) = 0xFF (精靈調色板0)
  OBP1 (0xFF49) = 0xFF (精靈調色板1)

視窗位置:
  WY   (0xFF4A) = 0x00 (視窗Y=0)
  WX   (0xFF4B) = 0x00 (視窗X=0)

=== 硬體寄存器初始化 (2025-06-21 00:02:48.303473400 +08:00) ===
中斷控制:
  IE (0xFFFF) = 0x00 (禁用所有中斷)
  IF (0xFF0F) = 0xE0 (清除所有中斷標誌)

LCD 控制:
  LCDC (0xFF40) = 0x91 (LCD開啟,BG開啟,8x8精靈)
  STAT (0xFF41) = 0x85 (Mode 2, LYC=LY中斷)
  SCY  (0xFF42) = 0x00 (背景Y=0)
  SCX  (0xFF43) = 0x00 (背景X=0)
  LYC  (0xFF45) = 0x00 (比較值=0)

調色板:
  BGP  (0xFF47) = 0xFC (背景調色板)
  OBP0 (0xFF48) = 0xFF (精靈調色板0)
  OBP1 (0xFF49) = 0xFF (精靈調色板1)

視窗位置:
  WY   (0xFF4A) = 0x00 (視窗Y=0)
  WX   (0xFF4B) = 0x00 (視窗X=0)

=== 硬體寄存器初始化 (2025-06-21 00:05:19.518274200 +08:00) ===
中斷控制:
  IE (0xFFFF) = 0x00 (禁用所有中斷)
  IF (0xFF0F) = 0xE0 (清除所有中斷標誌)

LCD 控制:
  LCDC (0xFF40) = 0x91 (LCD開啟,BG開啟,8x8精靈)
  STAT (0xFF41) = 0x85 (Mode 2, LYC=LY中斷)
  SCY  (0xFF42) = 0x00 (背景Y=0)
  SCX  (0xFF43) = 0x00 (背景X=0)
  LYC  (0xFF45) = 0x00 (比較值=0)

調色板:
  BGP  (0xFF47) = 0xFC (背景調色板)
  OBP0 (0xFF48) = 0xFF (精靈調色板0)
  OBP1 (0xFF49) = 0xFF (精靈調色板1)

視窗位置:
  WY   (0xFF4A) = 0x00 (視窗Y=0)
  WX   (0xFF4B) = 0x00 (視窗X=0)
