System state initialized - LCDC: 0x91, BGP: 0xFC
System state initialized - LCDC: 0x91, BGP: 0xFC
System state initialized - LCDC: 0x91, BGP: 0xFC
System state initialized for game - LCDC: 0x91, BGP: 0xFC
System state initialized for game - LCDC: 0x91, BGP: 0xFC
System state initialized for game - LCDC: 0x91, BGP: 0xFC
LCD registers initialized - ROM controls all graphics
System state initialized for game - LCDC: 0x91, BGP: 0xFC
LCD registers initialized for Tetris compatibility - joypad=0xFF, interrupts enabled
System state initialized for game - LCDC: 0x91, BGP: 0xFC
Minimal initialization - only joypad=0xFF, ROM controls everything else
System state initialized for game - LCDC: 0x91, BGP: 0xFC
Minimal initialization - only joypad=0xFF, ROM controls everything else
System state initialized for game - LCDC: 0x91, BGP: 0xFC
Minimal initialization - only joypad=0xFF, ROM controls everything else
System state initialized for game - LCDC: 0x91, BGP: 0xFC
Minimal initialization - only joypad=0xFF, ROM controls everything else
System state initialized for game - LCDC: 0x91, BGP: 0xFC
Minimal initialization - only joypad=0xFF, ROM controls everything else
System state initialized for game - LCDC: 0x91, BGP: 0xFC
Minimal initialization - only joypad=0xFF, ROM controls everything else
System state initialized for game - LCDC: 0x91, BGP: 0xFC
Minimal initialization - only joypad=0xFF, ROM controls everything else
System state initialized for game - LCDC: 0x91, BGP: 0xFC
Minimal initialization - only joypad=0xFF, ROM controls everything else
System state initialized for game - LCDC: 0x91, BGP: 0xFC
Minimal initialization - only joypad=0xFF, ROM controls everything else
System state initialized for game - LCDC: 0x91, BGP: 0xFC
System state initialized for game - LCDC: 0x91, BGP: 0xFC
System state initialized for game - LCDC: 0x91, BGP: 0xFC
System state initialized for game - LCDC: 0x91, BGP: 0xFC
System state initialized for game - LCDC: 0x91, BGP: 0xFC
System state initialized for game - LCDC: 0x91, BGP: 0xFC
System state initialized for game - LCDC: 0x91, BGP: 0xFC
System state initialized for game - LCDC: 0x91, BGP: 0xFC
System state initialized for game - LCDC: 0x91, BGP: 0xFC
System state initialized for game - LCDC: 0x91, BGP: 0xFC
System state initialized for game - LCDC: 0x91, BGP: 0xFC
System state initialized for game - LCDC: 0x91, BGP: 0xFC
System state initialized for game - LCDC: 0x91, BGP: 0xFC
System state initialized for game - LCDC: 0x91, BGP: 0xFC
System state initialized for game - LCDC: 0x91, BGP: 0xFC
System state initialized for game - LCDC: 0x91, BGP: 0xFC
System state initialized for game - LCDC: 0x91, BGP: 0xFC
