
=== Tile #000 資料 ===
原始資料: [00, 00, 00, 00, 00, 00, 00, 00, 00, 00, 00, 00, 00, 00, 00, 00]
Row 0: □□□□□□□□ [00,00]
Row 1: □□□□□□□□ [00,00]
Row 2: □□□□□□□□ [00,00]
Row 3: □□□□□□□□ [00,00]
Row 4: □□□□□□□□ [00,00]
Row 5: □□□□□□□□ [00,00]
Row 6: □□□□□□□□ [00,00]
Row 7: □□□□□□□□ [00,00]

=== Tile #001 資料 ===
原始資料: [00, 00, 00, 00, 00, 00, 00, 00, 00, 00, 00, 00, 00, 00, 00, 00]
Row 0: □□□□□□□□ [00,00]
Row 1: □□□□□□□□ [00,00]
Row 2: □□□□□□□□ [00,00]
Row 3: □□□□□□□□ [00,00]
Row 4: □□□□□□□□ [00,00]
Row 5: □□□□□□□□ [00,00]
Row 6: □□□□□□□□ [00,00]
Row 7: □□□□□□□□ [00,00]

=== Tile #002 資料 ===
原始資料: [00, 00, 00, 00, 00, 00, 00, 00, 00, 00, 00, 00, 00, 00, 00, 00]
Row 0: □□□□□□□□ [00,00]
Row 1: □□□□□□□□ [00,00]
Row 2: □□□□□□□□ [00,00]
Row 3: □□□□□□□□ [00,00]
Row 4: □□□□□□□□ [00,00]
Row 5: □□□□□□□□ [00,00]
Row 6: □□□□□□□□ [00,00]
Row 7: □□□□□□□□ [00,00]

=== Tile #003 資料 ===
原始資料: [00, 00, 00, 00, 00, 00, 00, 00, 00, 00, 00, 00, 00, 00, 00, 00]
Row 0: □□□□□□□□ [00,00]
Row 1: □□□□□□□□ [00,00]
Row 2: □□□□□□□□ [00,00]
Row 3: □□□□□□□□ [00,00]
Row 4: □□□□□□□□ [00,00]
Row 5: □□□□□□□□ [00,00]
Row 6: □□□□□□□□ [00,00]
Row 7: □□□□□□□□ [00,00]

=== Tile #004 資料 ===
原始資料: [00, 00, 00, 00, 00, 00, 00, 00, 00, 00, 00, 00, 00, 00, 00, 00]
Row 0: □□□□□□□□ [00,00]
Row 1: □□□□□□□□ [00,00]
Row 2: □□□□□□□□ [00,00]
Row 3: □□□□□□□□ [00,00]
Row 4: □□□□□□□□ [00,00]
Row 5: □□□□□□□□ [00,00]
Row 6: □□□□□□□□ [00,00]
Row 7: □□□□□□□□ [00,00]

=== Tile #005 資料 ===
原始資料: [00, 00, 00, 00, 00, 00, 00, 00, 00, 00, 00, 00, 00, 00, 00, 00]
Row 0: □□□□□□□□ [00,00]
Row 1: □□□□□□□□ [00,00]
Row 2: □□□□□□□□ [00,00]
Row 3: □□□□□□□□ [00,00]
Row 4: □□□□□□□□ [00,00]
Row 5: □□□□□□□□ [00,00]
Row 6: □□□□□□□□ [00,00]
Row 7: □□□□□□□□ [00,00]

=== Tile #006 資料 ===
原始資料: [00, 00, 00, 00, 00, 00, 00, 00, 00, 00, 00, 00, 00, 00, 00, 00]
Row 0: □□□□□□□□ [00,00]
Row 1: □□□□□□□□ [00,00]
Row 2: □□□□□□□□ [00,00]
Row 3: □□□□□□□□ [00,00]
Row 4: □□□□□□□□ [00,00]
Row 5: □□□□□□□□ [00,00]
Row 6: □□□□□□□□ [00,00]
Row 7: □□□□□□□□ [00,00]

=== Tile #007 資料 ===
原始資料: [00, 00, 00, 00, 00, 00, 00, 00, 00, 00, 00, 00, 00, 00, 00, 00]
Row 0: □□□□□□□□ [00,00]
Row 1: □□□□□□□□ [00,00]
Row 2: □□□□□□□□ [00,00]
Row 3: □□□□□□□□ [00,00]
Row 4: □□□□□□□□ [00,00]
Row 5: □□□□□□□□ [00,00]
Row 6: □□□□□□□□ [00,00]
Row 7: □□□□□□□□ [00,00]

=== Tile #008 資料 ===
原始資料: [00, 00, 00, 00, 00, 00, 00, 00, 00, 00, 00, 00, 00, 00, 00, 00]
Row 0: □□□□□□□□ [00,00]
Row 1: □□□□□□□□ [00,00]
Row 2: □□□□□□□□ [00,00]
Row 3: □□□□□□□□ [00,00]
Row 4: □□□□□□□□ [00,00]
Row 5: □□□□□□□□ [00,00]
Row 6: □□□□□□□□ [00,00]
Row 7: □□□□□□□□ [00,00]

=== Tile #009 資料 ===
原始資料: [00, 00, 00, 00, 00, 00, 00, 00, 00, 00, 00, 00, 00, 00, 00, 00]
Row 0: □□□□□□□□ [00,00]
Row 1: □□□□□□□□ [00,00]
Row 2: □□□□□□□□ [00,00]
Row 3: □□□□□□□□ [00,00]
Row 4: □□□□□□□□ [00,00]
Row 5: □□□□□□□□ [00,00]
Row 6: □□□□□□□□ [00,00]
Row 7: □□□□□□□□ [00,00]

=== Tile #000 資料 ===
原始資料: [00, 00, 00, 00, 00, 00, 00, 00, 00, 00, 00, 00, 00, 00, 00, 00]
Row 0: □□□□□□□□ [00,00]
Row 1: □□□□□□□□ [00,00]
Row 2: □□□□□□□□ [00,00]
Row 3: □□□□□□□□ [00,00]
Row 4: □□□□□□□□ [00,00]
Row 5: □□□□□□□□ [00,00]
Row 6: □□□□□□□□ [00,00]
Row 7: □□□□□□□□ [00,00]

=== Tile #001 資料 ===
原始資料: [00, 00, 00, 00, 00, 00, 00, 00, 00, 00, 00, 00, 00, 00, 00, 00]
Row 0: □□□□□□□□ [00,00]
Row 1: □□□□□□□□ [00,00]
Row 2: □□□□□□□□ [00,00]
Row 3: □□□□□□□□ [00,00]
Row 4: □□□□□□□□ [00,00]
Row 5: □□□□□□□□ [00,00]
Row 6: □□□□□□□□ [00,00]
Row 7: □□□□□□□□ [00,00]

=== Tile #002 資料 ===
原始資料: [00, 00, 00, 00, 00, 00, 00, 00, 00, 00, 00, 00, 00, 00, 00, 00]
Row 0: □□□□□□□□ [00,00]
Row 1: □□□□□□□□ [00,00]
Row 2: □□□□□□□□ [00,00]
Row 3: □□□□□□□□ [00,00]
Row 4: □□□□□□□□ [00,00]
Row 5: □□□□□□□□ [00,00]
Row 6: □□□□□□□□ [00,00]
Row 7: □□□□□□□□ [00,00]

=== Tile #003 資料 ===
原始資料: [00, 00, 00, 00, 00, 00, 00, 00, 00, 00, 00, 00, 00, 00, 00, 00]
Row 0: □□□□□□□□ [00,00]
Row 1: □□□□□□□□ [00,00]
Row 2: □□□□□□□□ [00,00]
Row 3: □□□□□□□□ [00,00]
Row 4: □□□□□□□□ [00,00]
Row 5: □□□□□□□□ [00,00]
Row 6: □□□□□□□□ [00,00]
Row 7: □□□□□□□□ [00,00]

=== Tile #004 資料 ===
原始資料: [00, 00, 00, 00, 00, 00, 00, 00, 00, 00, 00, 00, 00, 00, 00, 00]
Row 0: □□□□□□□□ [00,00]
Row 1: □□□□□□□□ [00,00]
Row 2: □□□□□□□□ [00,00]
Row 3: □□□□□□□□ [00,00]
Row 4: □□□□□□□□ [00,00]
Row 5: □□□□□□□□ [00,00]
Row 6: □□□□□□□□ [00,00]
Row 7: □□□□□□□□ [00,00]

=== Tile #005 資料 ===
原始資料: [00, 00, 00, 00, 00, 00, 00, 00, 00, 00, 00, 00, 00, 00, 00, 00]
Row 0: □□□□□□□□ [00,00]
Row 1: □□□□□□□□ [00,00]
Row 2: □□□□□□□□ [00,00]
Row 3: □□□□□□□□ [00,00]
Row 4: □□□□□□□□ [00,00]
Row 5: □□□□□□□□ [00,00]
Row 6: □□□□□□□□ [00,00]
Row 7: □□□□□□□□ [00,00]

=== Tile #006 資料 ===
原始資料: [00, 00, 00, 00, 00, 00, 00, 00, 00, 00, 00, 00, 00, 00, 00, 00]
Row 0: □□□□□□□□ [00,00]
Row 1: □□□□□□□□ [00,00]
Row 2: □□□□□□□□ [00,00]
Row 3: □□□□□□□□ [00,00]
Row 4: □□□□□□□□ [00,00]
Row 5: □□□□□□□□ [00,00]
Row 6: □□□□□□□□ [00,00]
Row 7: □□□□□□□□ [00,00]

=== Tile #007 資料 ===
原始資料: [00, 00, 00, 00, 00, 00, 00, 00, 00, 00, 00, 00, 00, 00, 00, 00]
Row 0: □□□□□□□□ [00,00]
Row 1: □□□□□□□□ [00,00]
Row 2: □□□□□□□□ [00,00]
Row 3: □□□□□□□□ [00,00]
Row 4: □□□□□□□□ [00,00]
Row 5: □□□□□□□□ [00,00]
Row 6: □□□□□□□□ [00,00]
Row 7: □□□□□□□□ [00,00]

=== Tile #008 資料 ===
原始資料: [00, 00, 00, 00, 00, 00, 00, 00, 00, 00, 00, 00, 00, 00, 00, 00]
Row 0: □□□□□□□□ [00,00]
Row 1: □□□□□□□□ [00,00]
Row 2: □□□□□□□□ [00,00]
Row 3: □□□□□□□□ [00,00]
Row 4: □□□□□□□□ [00,00]
Row 5: □□□□□□□□ [00,00]
Row 6: □□□□□□□□ [00,00]
Row 7: □□□□□□□□ [00,00]

=== Tile #009 資料 ===
原始資料: [00, 00, 00, 00, 00, 00, 00, 00, 00, 00, 00, 00, 00, 00, 00, 00]
Row 0: □□□□□□□□ [00,00]
Row 1: □□□□□□□□ [00,00]
Row 2: □□□□□□□□ [00,00]
Row 3: □□□□□□□□ [00,00]
Row 4: □□□□□□□□ [00,00]
Row 5: □□□□□□□□ [00,00]
Row 6: □□□□□□□□ [00,00]
Row 7: □□□□□□□□ [00,00]

=== Tile #000 資料 ===
原始資料: [00, 00, 00, 00, 00, 00, 00, 00, 00, 00, 00, 00, 00, 00, 00, 00]
Row 0: □□□□□□□□ [00,00]
Row 1: □□□□□□□□ [00,00]
Row 2: □□□□□□□□ [00,00]
Row 3: □□□□□□□□ [00,00]
Row 4: □□□□□□□□ [00,00]
Row 5: □□□□□□□□ [00,00]
Row 6: □□□□□□□□ [00,00]
Row 7: □□□□□□□□ [00,00]

=== Tile #001 資料 ===
原始資料: [00, 00, 00, 00, 00, 00, 00, 00, 00, 00, 00, 00, 00, 00, 00, 00]
Row 0: □□□□□□□□ [00,00]
Row 1: □□□□□□□□ [00,00]
Row 2: □□□□□□□□ [00,00]
Row 3: □□□□□□□□ [00,00]
Row 4: □□□□□□□□ [00,00]
Row 5: □□□□□□□□ [00,00]
Row 6: □□□□□□□□ [00,00]
Row 7: □□□□□□□□ [00,00]

=== Tile #002 資料 ===
原始資料: [00, 00, 00, 00, 00, 00, 00, 00, 00, 00, 00, 00, 00, 00, 00, 00]
Row 0: □□□□□□□□ [00,00]
Row 1: □□□□□□□□ [00,00]
Row 2: □□□□□□□□ [00,00]
Row 3: □□□□□□□□ [00,00]
Row 4: □□□□□□□□ [00,00]
Row 5: □□□□□□□□ [00,00]
Row 6: □□□□□□□□ [00,00]
Row 7: □□□□□□□□ [00,00]

=== Tile #003 資料 ===
原始資料: [00, 00, 00, 00, 00, 00, 00, 00, 00, 00, 00, 00, 00, 00, 00, 00]
Row 0: □□□□□□□□ [00,00]
Row 1: □□□□□□□□ [00,00]
Row 2: □□□□□□□□ [00,00]
Row 3: □□□□□□□□ [00,00]
Row 4: □□□□□□□□ [00,00]
Row 5: □□□□□□□□ [00,00]
Row 6: □□□□□□□□ [00,00]
Row 7: □□□□□□□□ [00,00]

=== Tile #004 資料 ===
原始資料: [00, 00, 00, 00, 00, 00, 00, 00, 00, 00, 00, 00, 00, 00, 00, 00]
Row 0: □□□□□□□□ [00,00]
Row 1: □□□□□□□□ [00,00]
Row 2: □□□□□□□□ [00,00]
Row 3: □□□□□□□□ [00,00]
Row 4: □□□□□□□□ [00,00]
Row 5: □□□□□□□□ [00,00]
Row 6: □□□□□□□□ [00,00]
Row 7: □□□□□□□□ [00,00]

=== Tile #005 資料 ===
原始資料: [00, 00, 00, 00, 00, 00, 00, 00, 00, 00, 00, 00, 00, 00, 00, 00]
Row 0: □□□□□□□□ [00,00]
Row 1: □□□□□□□□ [00,00]
Row 2: □□□□□□□□ [00,00]
Row 3: □□□□□□□□ [00,00]
Row 4: □□□□□□□□ [00,00]
Row 5: □□□□□□□□ [00,00]
Row 6: □□□□□□□□ [00,00]
Row 7: □□□□□□□□ [00,00]

=== Tile #006 資料 ===
原始資料: [00, 00, 00, 00, 00, 00, 00, 00, 00, 00, 00, 00, 00, 00, 00, 00]
Row 0: □□□□□□□□ [00,00]
Row 1: □□□□□□□□ [00,00]
Row 2: □□□□□□□□ [00,00]
Row 3: □□□□□□□□ [00,00]
Row 4: □□□□□□□□ [00,00]
Row 5: □□□□□□□□ [00,00]
Row 6: □□□□□□□□ [00,00]
Row 7: □□□□□□□□ [00,00]

=== Tile #007 資料 ===
原始資料: [00, 00, 00, 00, 00, 00, 00, 00, 00, 00, 00, 00, 00, 00, 00, 00]
Row 0: □□□□□□□□ [00,00]
Row 1: □□□□□□□□ [00,00]
Row 2: □□□□□□□□ [00,00]
Row 3: □□□□□□□□ [00,00]
Row 4: □□□□□□□□ [00,00]
Row 5: □□□□□□□□ [00,00]
Row 6: □□□□□□□□ [00,00]
Row 7: □□□□□□□□ [00,00]

=== Tile #008 資料 ===
原始資料: [00, 00, 00, 00, 00, 00, 00, 00, 00, 00, 00, 00, 00, 00, 00, 00]
Row 0: □□□□□□□□ [00,00]
Row 1: □□□□□□□□ [00,00]
Row 2: □□□□□□□□ [00,00]
Row 3: □□□□□□□□ [00,00]
Row 4: □□□□□□□□ [00,00]
Row 5: □□□□□□□□ [00,00]
Row 6: □□□□□□□□ [00,00]
Row 7: □□□□□□□□ [00,00]

=== Tile #009 資料 ===
原始資料: [00, 00, 00, 00, 00, 00, 00, 00, 00, 00, 00, 00, 00, 00, 00, 00]
Row 0: □□□□□□□□ [00,00]
Row 1: □□□□□□□□ [00,00]
Row 2: □□□□□□□□ [00,00]
Row 3: □□□□□□□□ [00,00]
Row 4: □□□□□□□□ [00,00]
Row 5: □□□□□□□□ [00,00]
Row 6: □□□□□□□□ [00,00]
Row 7: □□□□□□□□ [00,00]

=== Tile #000 資料 ===
原始資料: [00, 00, 00, 00, 00, 00, 00, 00, 00, 00, 00, 00, 00, 00, 00, 00]
Row 0: □□□□□□□□ [00,00]
Row 1: □□□□□□□□ [00,00]
Row 2: □□□□□□□□ [00,00]
Row 3: □□□□□□□□ [00,00]
Row 4: □□□□□□□□ [00,00]
Row 5: □□□□□□□□ [00,00]
Row 6: □□□□□□□□ [00,00]
Row 7: □□□□□□□□ [00,00]

=== Tile #001 資料 ===
原始資料: [00, 00, 00, 00, 00, 00, 00, 00, 00, 00, 00, 00, 00, 00, 00, 00]
Row 0: □□□□□□□□ [00,00]
Row 1: □□□□□□□□ [00,00]
Row 2: □□□□□□□□ [00,00]
Row 3: □□□□□□□□ [00,00]
Row 4: □□□□□□□□ [00,00]
Row 5: □□□□□□□□ [00,00]
Row 6: □□□□□□□□ [00,00]
Row 7: □□□□□□□□ [00,00]

=== Tile #002 資料 ===
原始資料: [00, 00, 00, 00, 00, 00, 00, 00, 00, 00, 00, 00, 00, 00, 00, 00]
Row 0: □□□□□□□□ [00,00]
Row 1: □□□□□□□□ [00,00]
Row 2: □□□□□□□□ [00,00]
Row 3: □□□□□□□□ [00,00]
Row 4: □□□□□□□□ [00,00]
Row 5: □□□□□□□□ [00,00]
Row 6: □□□□□□□□ [00,00]
Row 7: □□□□□□□□ [00,00]

=== Tile #003 資料 ===
原始資料: [00, 00, 00, 00, 00, 00, 00, 00, 00, 00, 00, 00, 00, 00, 00, 00]
Row 0: □□□□□□□□ [00,00]
Row 1: □□□□□□□□ [00,00]
Row 2: □□□□□□□□ [00,00]
Row 3: □□□□□□□□ [00,00]
Row 4: □□□□□□□□ [00,00]
Row 5: □□□□□□□□ [00,00]
Row 6: □□□□□□□□ [00,00]
Row 7: □□□□□□□□ [00,00]

=== Tile #004 資料 ===
原始資料: [00, 00, 00, 00, 00, 00, 00, 00, 00, 00, 00, 00, 00, 00, 00, 00]
Row 0: □□□□□□□□ [00,00]
Row 1: □□□□□□□□ [00,00]
Row 2: □□□□□□□□ [00,00]
Row 3: □□□□□□□□ [00,00]
Row 4: □□□□□□□□ [00,00]
Row 5: □□□□□□□□ [00,00]
Row 6: □□□□□□□□ [00,00]
Row 7: □□□□□□□□ [00,00]

=== Tile #005 資料 ===
原始資料: [00, 00, 00, 00, 00, 00, 00, 00, 00, 00, 00, 00, 00, 00, 00, 00]
Row 0: □□□□□□□□ [00,00]
Row 1: □□□□□□□□ [00,00]
Row 2: □□□□□□□□ [00,00]
Row 3: □□□□□□□□ [00,00]
Row 4: □□□□□□□□ [00,00]
Row 5: □□□□□□□□ [00,00]
Row 6: □□□□□□□□ [00,00]
Row 7: □□□□□□□□ [00,00]

=== Tile #006 資料 ===
原始資料: [00, 00, 00, 00, 00, 00, 00, 00, 00, 00, 00, 00, 00, 00, 00, 00]
Row 0: □□□□□□□□ [00,00]
Row 1: □□□□□□□□ [00,00]
Row 2: □□□□□□□□ [00,00]
Row 3: □□□□□□□□ [00,00]
Row 4: □□□□□□□□ [00,00]
Row 5: □□□□□□□□ [00,00]
Row 6: □□□□□□□□ [00,00]
Row 7: □□□□□□□□ [00,00]

=== Tile #007 資料 ===
原始資料: [00, 00, 00, 00, 00, 00, 00, 00, 00, 00, 00, 00, 00, 00, 00, 00]
Row 0: □□□□□□□□ [00,00]
Row 1: □□□□□□□□ [00,00]
Row 2: □□□□□□□□ [00,00]
Row 3: □□□□□□□□ [00,00]
Row 4: □□□□□□□□ [00,00]
Row 5: □□□□□□□□ [00,00]
Row 6: □□□□□□□□ [00,00]
Row 7: □□□□□□□□ [00,00]

=== Tile #008 資料 ===
原始資料: [00, 00, 00, 00, 00, 00, 00, 00, 00, 00, 00, 00, 00, 00, 00, 00]
Row 0: □□□□□□□□ [00,00]
Row 1: □□□□□□□□ [00,00]
Row 2: □□□□□□□□ [00,00]
Row 3: □□□□□□□□ [00,00]
Row 4: □□□□□□□□ [00,00]
Row 5: □□□□□□□□ [00,00]
Row 6: □□□□□□□□ [00,00]
Row 7: □□□□□□□□ [00,00]

=== Tile #009 資料 ===
原始資料: [00, 00, 00, 00, 00, 00, 00, 00, 00, 00, 00, 00, 00, 00, 00, 00]
Row 0: □□□□□□□□ [00,00]
Row 1: □□□□□□□□ [00,00]
Row 2: □□□□□□□□ [00,00]
Row 3: □□□□□□□□ [00,00]
Row 4: □□□□□□□□ [00,00]
Row 5: □□□□□□□□ [00,00]
Row 6: □□□□□□□□ [00,00]
Row 7: □□□□□□□□ [00,00]

=== Tile #000 資料 ===
原始資料: [00, 00, 00, 00, 00, 00, 00, 00, 00, 00, 00, 00, 00, 00, 00, 00]
Row 0: □□□□□□□□ [00,00]
Row 1: □□□□□□□□ [00,00]
Row 2: □□□□□□□□ [00,00]
Row 3: □□□□□□□□ [00,00]
Row 4: □□□□□□□□ [00,00]
Row 5: □□□□□□□□ [00,00]
Row 6: □□□□□□□□ [00,00]
Row 7: □□□□□□□□ [00,00]

=== Tile #001 資料 ===
原始資料: [00, 00, 00, 00, 00, 00, 00, 00, 00, 00, 00, 00, 00, 00, 00, 00]
Row 0: □□□□□□□□ [00,00]
Row 1: □□□□□□□□ [00,00]
Row 2: □□□□□□□□ [00,00]
Row 3: □□□□□□□□ [00,00]
Row 4: □□□□□□□□ [00,00]
Row 5: □□□□□□□□ [00,00]
Row 6: □□□□□□□□ [00,00]
Row 7: □□□□□□□□ [00,00]

=== Tile #002 資料 ===
原始資料: [00, 00, 00, 00, 00, 00, 00, 00, 00, 00, 00, 00, 00, 00, 00, 00]
Row 0: □□□□□□□□ [00,00]
Row 1: □□□□□□□□ [00,00]
Row 2: □□□□□□□□ [00,00]
Row 3: □□□□□□□□ [00,00]
Row 4: □□□□□□□□ [00,00]
Row 5: □□□□□□□□ [00,00]
Row 6: □□□□□□□□ [00,00]
Row 7: □□□□□□□□ [00,00]

=== Tile #003 資料 ===
原始資料: [00, 00, 00, 00, 00, 00, 00, 00, 00, 00, 00, 00, 00, 00, 00, 00]
Row 0: □□□□□□□□ [00,00]
Row 1: □□□□□□□□ [00,00]
Row 2: □□□□□□□□ [00,00]
Row 3: □□□□□□□□ [00,00]
Row 4: □□□□□□□□ [00,00]
Row 5: □□□□□□□□ [00,00]
Row 6: □□□□□□□□ [00,00]
Row 7: □□□□□□□□ [00,00]

=== Tile #004 資料 ===
原始資料: [00, 00, 00, 00, 00, 00, 00, 00, 00, 00, 00, 00, 00, 00, 00, 00]
Row 0: □□□□□□□□ [00,00]
Row 1: □□□□□□□□ [00,00]
Row 2: □□□□□□□□ [00,00]
Row 3: □□□□□□□□ [00,00]
Row 4: □□□□□□□□ [00,00]
Row 5: □□□□□□□□ [00,00]
Row 6: □□□□□□□□ [00,00]
Row 7: □□□□□□□□ [00,00]

=== Tile #005 資料 ===
原始資料: [00, 00, 00, 00, 00, 00, 00, 00, 00, 00, 00, 00, 00, 00, 00, 00]
Row 0: □□□□□□□□ [00,00]
Row 1: □□□□□□□□ [00,00]
Row 2: □□□□□□□□ [00,00]
Row 3: □□□□□□□□ [00,00]
Row 4: □□□□□□□□ [00,00]
Row 5: □□□□□□□□ [00,00]
Row 6: □□□□□□□□ [00,00]
Row 7: □□□□□□□□ [00,00]

=== Tile #006 資料 ===
原始資料: [00, 00, 00, 00, 00, 00, 00, 00, 00, 00, 00, 00, 00, 00, 00, 00]
Row 0: □□□□□□□□ [00,00]
Row 1: □□□□□□□□ [00,00]
Row 2: □□□□□□□□ [00,00]
Row 3: □□□□□□□□ [00,00]
Row 4: □□□□□□□□ [00,00]
Row 5: □□□□□□□□ [00,00]
Row 6: □□□□□□□□ [00,00]
Row 7: □□□□□□□□ [00,00]

=== Tile #007 資料 ===
原始資料: [00, 00, 00, 00, 00, 00, 00, 00, 00, 00, 00, 00, 00, 00, 00, 00]
Row 0: □□□□□□□□ [00,00]
Row 1: □□□□□□□□ [00,00]
Row 2: □□□□□□□□ [00,00]
Row 3: □□□□□□□□ [00,00]
Row 4: □□□□□□□□ [00,00]
Row 5: □□□□□□□□ [00,00]
Row 6: □□□□□□□□ [00,00]
Row 7: □□□□□□□□ [00,00]

=== Tile #008 資料 ===
原始資料: [00, 00, 00, 00, 00, 00, 00, 00, 00, 00, 00, 00, 00, 00, 00, 00]
Row 0: □□□□□□□□ [00,00]
Row 1: □□□□□□□□ [00,00]
Row 2: □□□□□□□□ [00,00]
Row 3: □□□□□□□□ [00,00]
Row 4: □□□□□□□□ [00,00]
Row 5: □□□□□□□□ [00,00]
Row 6: □□□□□□□□ [00,00]
Row 7: □□□□□□□□ [00,00]

=== Tile #009 資料 ===
原始資料: [00, 00, 00, 00, 00, 00, 00, 00, 00, 00, 00, 00, 00, 00, 00, 00]
Row 0: □□□□□□□□ [00,00]
Row 1: □□□□□□□□ [00,00]
Row 2: □□□□□□□□ [00,00]
Row 3: □□□□□□□□ [00,00]
Row 4: □□□□□□□□ [00,00]
Row 5: □□□□□□□□ [00,00]
Row 6: □□□□□□□□ [00,00]
Row 7: □□□□□□□□ [00,00]

=== Tile #000 資料 ===
原始資料: [00, 00, 00, 00, 00, 00, 00, 00, 00, 00, 00, 00, 00, 00, 00, 00]
Row 0: □□□□□□□□ [00,00]
Row 1: □□□□□□□□ [00,00]
Row 2: □□□□□□□□ [00,00]
Row 3: □□□□□□□□ [00,00]
Row 4: □□□□□□□□ [00,00]
Row 5: □□□□□□□□ [00,00]
Row 6: □□□□□□□□ [00,00]
Row 7: □□□□□□□□ [00,00]

=== Tile #001 資料 ===
原始資料: [00, 00, 00, 00, 00, 00, 00, 00, 00, 00, 00, 00, 00, 00, 00, 00]
Row 0: □□□□□□□□ [00,00]
Row 1: □□□□□□□□ [00,00]
Row 2: □□□□□□□□ [00,00]
Row 3: □□□□□□□□ [00,00]
Row 4: □□□□□□□□ [00,00]
Row 5: □□□□□□□□ [00,00]
Row 6: □□□□□□□□ [00,00]
Row 7: □□□□□□□□ [00,00]

=== Tile #002 資料 ===
原始資料: [00, 00, 00, 00, 00, 00, 00, 00, 00, 00, 00, 00, 00, 00, 00, 00]
Row 0: □□□□□□□□ [00,00]
Row 1: □□□□□□□□ [00,00]
Row 2: □□□□□□□□ [00,00]
Row 3: □□□□□□□□ [00,00]
Row 4: □□□□□□□□ [00,00]
Row 5: □□□□□□□□ [00,00]
Row 6: □□□□□□□□ [00,00]
Row 7: □□□□□□□□ [00,00]

=== Tile #003 資料 ===
原始資料: [00, 00, 00, 00, 00, 00, 00, 00, 00, 00, 00, 00, 00, 00, 00, 00]
Row 0: □□□□□□□□ [00,00]
Row 1: □□□□□□□□ [00,00]
Row 2: □□□□□□□□ [00,00]
Row 3: □□□□□□□□ [00,00]
Row 4: □□□□□□□□ [00,00]
Row 5: □□□□□□□□ [00,00]
Row 6: □□□□□□□□ [00,00]
Row 7: □□□□□□□□ [00,00]

=== Tile #004 資料 ===
原始資料: [00, 00, 00, 00, 00, 00, 00, 00, 00, 00, 00, 00, 00, 00, 00, 00]
Row 0: □□□□□□□□ [00,00]
Row 1: □□□□□□□□ [00,00]
Row 2: □□□□□□□□ [00,00]
Row 3: □□□□□□□□ [00,00]
Row 4: □□□□□□□□ [00,00]
Row 5: □□□□□□□□ [00,00]
Row 6: □□□□□□□□ [00,00]
Row 7: □□□□□□□□ [00,00]

=== Tile #005 資料 ===
原始資料: [00, 00, 00, 00, 00, 00, 00, 00, 00, 00, 00, 00, 00, 00, 00, 00]
Row 0: □□□□□□□□ [00,00]
Row 1: □□□□□□□□ [00,00]
Row 2: □□□□□□□□ [00,00]
Row 3: □□□□□□□□ [00,00]
Row 4: □□□□□□□□ [00,00]
Row 5: □□□□□□□□ [00,00]
Row 6: □□□□□□□□ [00,00]
Row 7: □□□□□□□□ [00,00]

=== Tile #006 資料 ===
原始資料: [00, 00, 00, 00, 00, 00, 00, 00, 00, 00, 00, 00, 00, 00, 00, 00]
Row 0: □□□□□□□□ [00,00]
Row 1: □□□□□□□□ [00,00]
Row 2: □□□□□□□□ [00,00]
Row 3: □□□□□□□□ [00,00]
Row 4: □□□□□□□□ [00,00]
Row 5: □□□□□□□□ [00,00]
Row 6: □□□□□□□□ [00,00]
Row 7: □□□□□□□□ [00,00]

=== Tile #007 資料 ===
原始資料: [00, 00, 00, 00, 00, 00, 00, 00, 00, 00, 00, 00, 00, 00, 00, 00]
Row 0: □□□□□□□□ [00,00]
Row 1: □□□□□□□□ [00,00]
Row 2: □□□□□□□□ [00,00]
Row 3: □□□□□□□□ [00,00]
Row 4: □□□□□□□□ [00,00]
Row 5: □□□□□□□□ [00,00]
Row 6: □□□□□□□□ [00,00]
Row 7: □□□□□□□□ [00,00]

=== Tile #008 資料 ===
原始資料: [00, 00, 00, 00, 00, 00, 00, 00, 00, 00, 00, 00, 00, 00, 00, 00]
Row 0: □□□□□□□□ [00,00]
Row 1: □□□□□□□□ [00,00]
Row 2: □□□□□□□□ [00,00]
Row 3: □□□□□□□□ [00,00]
Row 4: □□□□□□□□ [00,00]
Row 5: □□□□□□□□ [00,00]
Row 6: □□□□□□□□ [00,00]
Row 7: □□□□□□□□ [00,00]

=== Tile #009 資料 ===
原始資料: [00, 00, 00, 00, 00, 00, 00, 00, 00, 00, 00, 00, 00, 00, 00, 00]
Row 0: □□□□□□□□ [00,00]
Row 1: □□□□□□□□ [00,00]
Row 2: □□□□□□□□ [00,00]
Row 3: □□□□□□□□ [00,00]
Row 4: □□□□□□□□ [00,00]
Row 5: □□□□□□□□ [00,00]
Row 6: □□□□□□□□ [00,00]
Row 7: □□□□□□□□ [00,00]
